scroll_zoom.js:49 [Violation] Added non-passive event listener to a scroll-blocking 'wheel' event. Consider marking event handler as 'passive' to make the page more responsive. See https://www.chromestatus.com/feature/5745543795965952
ScrollZoomHandler.enable @ scroll_zoom.js:49
module.exports @ bind_handlers.js:25
e @ map.js:282
(anonymous) @ main.js:2
scroll_zoom.js:50 [Violation] Added non-passive event listener to a scroll-blocking 'mousewheel' event. Consider marking event handler as 'passive' to make the page more responsive. See https://www.chromestatus.com/feature/5745543795965952
ScrollZoomHandler.enable @ scroll_zoom.js:50
module.exports @ bind_handlers.js:25
e @ map.js:282
(anonymous) @ main.js:2
drag_pan.js:59 [Violation] Added non-passive event listener to a scroll-blocking 'touchstart' event. Consider marking event handler as 'passive' to make the page more responsive. See https://www.chromestatus.com/feature/5745543795965952
DragPanHandler.enable @ drag_pan.js:59
module.exports @ bind_handlers.js:25
e @ map.js:282
(anonymous) @ main.js:2
touch_zoom_rotate.js:54 [Violation] Added non-passive event listener to a scroll-blocking 'touchstart' event. Consider marking event handler as 'passive' to make the page more responsive. See https://www.chromestatus.com/feature/5745543795965952
TouchZoomRotateHandler.enable @ touch_zoom_rotate.js:54
module.exports @ bind_handlers.js:25
e @ map.js:282
(anonymous) @ main.js:2
bind_handlers.js:33 [Violation] Added non-passive event listener to a scroll-blocking 'touchstart' event. Consider marking event handler as 'passive' to make the page more responsive. See https://www.chromestatus.com/feature/5745543795965952
module.exports @ bind_handlers.js:33
e @ map.js:282
(anonymous) @ main.js:2
bind_handlers.js:35 [Violation] Added non-passive event listener to a scroll-blocking 'touchmove' event. Consider marking event handler as 'passive' to make the page more responsive. See https://www.chromestatus.com/feature/5745543795965952
module.exports @ bind_handlers.js:35
e @ map.js:282
(anonymous) @ main.js:2
ajax.js:33 XHR finished loading: GET "https://api.mapbox.com/styles/v1/edgardos/cj4syqwvc4bjc2rmy9gna1h42?access_token=pk.eyJ1IjoiZWRnYXJkb3MiLCJhIjoiY2oydXNhM2t4MDAwZTJ2bGF6dWEzZmY1bSJ9.hqndt_ot8gOGH8p8C1qygg".
exports.getJSON @ ajax.js:33
t @ style.js:116
e.setStyle @ map.js:969
e @ map.js:300
(anonymous) @ main.js:2
/usr/local/lib/node_modules/electron/dist/resources/electron.asar/renderer/security-warnings.js:188 Electron Security Warning (Insecure Content-Security-Policy) This renderer process has either no Content Security Policy set or a policy with "unsafe-eval" enabled. This exposes users of this app to unnecessary security risks.

For more information and help, consult https://electronjs.org/docs/tutorial/security.
This warning will not show up once the app is packaged.
warnAboutInsecureCSP @ /usr/local/lib/node_modules/electron/dist/resources/electron.asar/renderer/security-warnings.js:188
loadHandler @ /usr/local/lib/node_modules/electron/dist/resources/electron.asar/renderer/init.js:216
ajax.js:33 XHR finished loading: GET "https://api.mapbox.com/v4/mapbox.mapbox-terrain-v2,mapbox.mapbox-streets-v7.json?secure&access_token=pk.eyJ1IjoiZWRnYXJkb3MiLCJhIjoiY2oydXNhM2t4MDAwZTJ2bGF6dWEzZmY1bSJ9.hqndt_ot8gOGH8p8C1qygg".
exports.getJSON @ ajax.js:33
module.exports @ load_tilejson.js:23
t.load @ vector_tile_source.js:59
t.onAdd @ vector_tile_source.js:87
t.onAdd @ source_cache.js:64
t.addSource @ style.js:393
a @ style.js:102
r.onload @ ajax.js:28
XMLHttpRequest.send (async)
exports.getJSON @ ajax.js:33
t @ style.js:116
e.setStyle @ map.js:969
e @ map.js:300
(anonymous) @ main.js:2
ajax.js:33 XHR finished loading: GET "https://api.mapbox.com/styles/v1/edgardos/cj4syqwvc4bjc2rmy9gna1h42/sprite.json?access_token=pk.eyJ1IjoiZWRnYXJkb3MiLCJhIjoiY2oydXNhM2t4MDAwZTJ2bGF6dWEzZmY1bSJ9.hqndt_ot8gOGH8p8C1qygg".
exports.getJSON @ ajax.js:33
e @ image_sprite.js:42
a @ style.js:106
r.onload @ ajax.js:28
XMLHttpRequest.send (async)
exports.getJSON @ ajax.js:33
t @ style.js:116
e.setStyle @ map.js:969
e @ map.js:300
(anonymous) @ main.js:2
ajax.js:59 XHR finished loading: GET "https://api.mapbox.com/styles/v1/edgardos/cj4syqwvc4bjc2rmy9gna1h42/sprite.png?access_token=pk.eyJ1IjoiZWRnYXJkb3MiLCJhIjoiY2oydXNhM2t4MDAwZTJ2bGF6dWEzZmY1bSJ9.hqndt_ot8gOGH8p8C1qygg".
exports.getArrayBuffer @ ajax.js:59
exports.getImage @ ajax.js:74
e @ image_sprite.js:51
a @ style.js:106
r.onload @ ajax.js:28
XMLHttpRequest.send (async)
exports.getJSON @ ajax.js:33
t @ style.js:116
e.setStyle @ map.js:969
e @ map.js:300
(anonymous) @ main.js:2
XHR finished loading: GET "https://a.tiles.mapbox.com/v4/mapbox.mapbox-terrain-v2,mapbox.mapbox-streets-v7/13/2465/4893.vector.pbf?access_token=pk.eyJ1IjoiZWRnYXJkb3MiLCJhIjoiY2oydXNhM2t4MDAwZTJ2bGF6dWEzZmY1bSJ9.hqndt_ot8gOGH8p8C1qygg".
XHR finished loading: GET "https://b.tiles.mapbox.com/v4/mapbox.mapbox-terrain-v2,mapbox.mapbox-streets-v7/13/2465/4892.vector.pbf?access_token=pk.eyJ1IjoiZWRnYXJkb3MiLCJhIjoiY2oydXNhM2t4MDAwZTJ2bGF6dWEzZmY1bSJ9.hqndt_ot8gOGH8p8C1qygg".
XHR finished loading: GET "https://a.tiles.mapbox.com/v4/mapbox.mapbox-terrain-v2,mapbox.mapbox-streets-v7/13/2466/4894.vector.pbf?access_token=pk.eyJ1IjoiZWRnYXJkb3MiLCJhIjoiY2oydXNhM2t4MDAwZTJ2bGF6dWEzZmY1bSJ9.hqndt_ot8gOGH8p8C1qygg".
XHR finished loading: GET "https://b.tiles.mapbox.com/v4/mapbox.mapbox-terrain-v2,mapbox.mapbox-streets-v7/13/2464/4893.vector.pbf?access_token=pk.eyJ1IjoiZWRnYXJkb3MiLCJhIjoiY2oydXNhM2t4MDAwZTJ2bGF6dWEzZmY1bSJ9.hqndt_ot8gOGH8p8C1qygg".
XHR finished loading: GET "https://a.tiles.mapbox.com/v4/mapbox.mapbox-terrain-v2,mapbox.mapbox-streets-v7/13/2466/4892.vector.pbf?access_token=pk.eyJ1IjoiZWRnYXJkb3MiLCJhIjoiY2oydXNhM2t4MDAwZTJ2bGF6dWEzZmY1bSJ9.hqndt_ot8gOGH8p8C1qygg".
XHR finished loading: GET "https://b.tiles.mapbox.com/v4/mapbox.mapbox-terrain-v2,mapbox.mapbox-streets-v7/13/2465/4894.vector.pbf?access_token=pk.eyJ1IjoiZWRnYXJkb3MiLCJhIjoiY2oydXNhM2t4MDAwZTJ2bGF6dWEzZmY1bSJ9.hqndt_ot8gOGH8p8C1qygg".
XHR finished loading: GET "https://b.tiles.mapbox.com/v4/mapbox.mapbox-terrain-v2,mapbox.mapbox-streets-v7/13/2466/4893.vector.pbf?access_token=pk.eyJ1IjoiZWRnYXJkb3MiLCJhIjoiY2oydXNhM2t4MDAwZTJ2bGF6dWEzZmY1bSJ9.hqndt_ot8gOGH8p8C1qygg".
ajax.js:59 XHR finished loading: GET "https://api.mapbox.com/fonts/v1/edgardos/DIN%20Offc%20Pro%20Medium,Arial%20Unicode%20MS%20Regular/0-255.pbf?access_token=pk.eyJ1IjoiZWRnYXJkb3MiLCJhIjoiY2oydXNhM2t4MDAwZTJ2bGF6dWEzZmY1bSJ9.hqndt_ot8gOGH8p8C1qygg".
exports.getArrayBuffer @ ajax.js:59
e.loadPBF @ glyph_source.js:151
e.loadRange @ glyph_source.js:170
e.getSimpleGlyphs @ glyph_source.js:117
t.getGlyphs @ style.js:891
Actor.receive @ actor.js:75
ajax.js:59 XHR finished loading: GET "https://api.mapbox.com/fonts/v1/edgardos/DIN%20Offc%20Pro%20Regular,Arial%20Unicode%20MS%20Regular/0-255.pbf?access_token=pk.eyJ1IjoiZWRnYXJkb3MiLCJhIjoiY2oydXNhM2t4MDAwZTJ2bGF6dWEzZmY1bSJ9.hqndt_ot8gOGH8p8C1qygg".
exports.getArrayBuffer @ ajax.js:59
e.loadPBF @ glyph_source.js:151
e.loadRange @ glyph_source.js:170
e.getSimpleGlyphs @ glyph_source.js:117
t.getGlyphs @ style.js:891
Actor.receive @ actor.js:75
ajax.js:59 XHR finished loading: GET "https://api.mapbox.com/fonts/v1/edgardos/DIN%20Offc%20Pro%20Regular,Arial%20Unicode%20MS%20Regular/8192-8447.pbf?access_token=pk.eyJ1IjoiZWRnYXJkb3MiLCJhIjoiY2oydXNhM2t4MDAwZTJ2bGF6dWEzZmY1bSJ9.hqndt_ot8gOGH8p8C1qygg".
exports.getArrayBuffer @ ajax.js:59
e.loadPBF @ glyph_source.js:151
e.loadRange @ glyph_source.js:170
e.getSimpleGlyphs @ glyph_source.js:117
t.getGlyphs @ style.js:891
Actor.receive @ actor.js:75
ajax.js:59 XHR finished loading: GET "https://api.mapbox.com/fonts/v1/edgardos/DIN%20Offc%20Pro%20Italic,Arial%20Unicode%20MS%20Regular/0-255.pbf?access_token=pk.eyJ1IjoiZWRnYXJkb3MiLCJhIjoiY2oydXNhM2t4MDAwZTJ2bGF6dWEzZmY1bSJ9.hqndt_ot8gOGH8p8C1qygg".
exports.getArrayBuffer @ ajax.js:59
e.loadPBF @ glyph_source.js:151
e.loadRange @ glyph_source.js:170
e.getSimpleGlyphs @ glyph_source.js:117
t.getGlyphs @ style.js:891
Actor.receive @ actor.js:75
query_disjoin.js:37 [{…}]
query_disjoin.js:37 [{…}]
query_disjoin.js:37 [{…}]
query_disjoin.js:37 [{…}]
query_disjoin.js:37 [{…}]
query_disjoin.js:37 [{…}]
query_disjoin.js:37 [{…}]
query_disjoin.js:37 [{…}]
query_disjoin.js:37 [{…}]
query_disjoin.js:37 [{…}]
query_disjoin.js:37 [{…}]
query_disjoin.js:37 [{…}]
query_disjoin.js:37 [{…}]
query_disjoin.js:37 [{…}]
query_disjoin.js:37 [{…}]
query_disjoin.js:37 [{…}]
query_disjoin.js:37 [{…}]
query_disjoin.js:37 [{…}]
query_disjoin.js:37 [{…}]
query_disjoin.js:37 [{…}]
query_disjoin.js:37 [{…}]
query_disjoin.js:37 [{…}]
query_disjoin.js:37 [{…}]
query_disjoin.js:37 [{…}]
query_disjoin.js:37 [{…}]
query_disjoin.js:37 [{…}]
query_disjoin.js:37 [{…}]
query_disjoin.js:37 [{…}]
query_disjoin.js:37 [{…}]
query_disjoin.js:37 [{…}]
query_disjoin.js:37 [{…}]
query_disjoin.js:37 [{…}]
query_disjoin.js:37 [{…}]
query_disjoin.js:37 [{…}]
query_disjoin.js:37 [{…}]
query_disjoin.js:37 [{…}]
query_disjoin.js:37 [{…}]
query_disjoin.js:37 [{…}]
query_disjoin.js:37 [{…}]
query_disjoin.js:37 [{…}]
query_disjoin.js:37 [{…}]
query_disjoin.js:37 [{…}]
query_disjoin.js:37 [{…}]
query_disjoin.js:37 [{…}]
query_disjoin.js:37 [{…}]
query_disjoin.js:37 [{…}]
query_disjoin.js:37 [{…}]
query_disjoin.js:37 [{…}]
query_disjoin.js:37 [{…}]
query_disjoin.js:37 [{…}]
query_disjoin.js:37 [{…}]
query_disjoin.js:37 [{…}]
query_disjoin.js:37 [{…}]
query_disjoin.js:37 [{…}]
query_disjoin.js:37 [{…}]
query_disjoin.js:37 [{…}]
query_disjoin.js:37 [{…}]
query_disjoin.js:37 [{…}]
query_disjoin.js:37 [{…}]
query_disjoin.js:37 [{…}]
query_disjoin.js:37 [{…}]
query_disjoin.js:37 [{…}]
query_disjoin.js:37 [{…}]
query_disjoin.js:37 [{…}]
query_disjoin.js:37 [{…}]
query_disjoin.js:37 [{…}]
query_disjoin.js:37 [{…}]
query_disjoin.js:37 [{…}]
query_disjoin.js:37 [{…}]
query_disjoin.js:37 [{…}]
query_disjoin.js:37 [{…}]
query_disjoin.js:37 [{…}]
query_disjoin.js:37 [{…}]
query_disjoin.js:37 [{…}]
query_disjoin.js:37 [{…}]
query_disjoin.js:37 [{…}]
query_disjoin.js:37 [{…}]
query_disjoin.js:37 [{…}]
query_disjoin.js:37 [{…}]
query_disjoin.js:37 [{…}]
query_disjoin.js:37 [{…}]
query_disjoin.js:37 [{…}]
query_disjoin.js:37 [{…}]
query_disjoin.js:37 [{…}]
query_disjoin.js:37 [{…}]
query_disjoin.js:37 [{…}]
query_disjoin.js:37 [{…}]
query_disjoin.js:37 [{…}]
query_disjoin.js:37 [{…}]
query_disjoin.js:37 [{…}]
query_disjoin.js:37 [{…}]
query_disjoin.js:37 [{…}]
query_disjoin.js:37 [{…}]
query_disjoin.js:37 [{…}]
query_disjoin.js:37 [{…}]
query_disjoin.js:37 [{…}]
query_disjoin.js:37 [{…}]
query_disjoin.js:37 [{…}]
query_disjoin.js:37 [{…}]
query_disjoin.js:37 [{…}]
query_disjoin.js:37 [{…}]
query_disjoin.js:37 [{…}]
query_disjoin.js:37 [{…}]
query_disjoin.js:37 [{…}]
query_disjoin.js:37 [{…}]
query_disjoin.js:37 [{…}]
query_disjoin.js:37 [{…}]
query_disjoin.js:37 [{…}]
query_disjoin.js:37 [{…}]
query_disjoin.js:37 [{…}]
query_disjoin.js:37 [{…}]
query_disjoin.js:37 [{…}]
query_disjoin.js:37 [{…}]
query_disjoin.js:37 [{…}]
query_disjoin.js:37 [{…}]
query_disjoin.js:37 [{…}]
query_disjoin.js:37 [{…}]
query_disjoin.js:37 [{…}]
query_disjoin.js:37 [{…}]
query_disjoin.js:37 [{…}]
query_disjoin.js:37 [{…}]
query_disjoin.js:37 [{…}]
query_disjoin.js:37 [{…}]
query_disjoin.js:37 [{…}]
query_disjoin.js:37 [{…}]
query_disjoin.js:37 [{…}]
query_disjoin.js:37 [{…}]
query_disjoin.js:37 [{…}]
query_disjoin.js:37 [{…}]
query_disjoin.js:37 [{…}]
query_disjoin.js:37 [{…}]
query_disjoin.js:37 [{…}]
query_disjoin.js:37 [{…}]
query_disjoin.js:37 [{…}]
query_disjoin.js:37 [{…}]
query_disjoin.js:37 [{…}]
query_disjoin.js:37 [{…}]
query_disjoin.js:37 [{…}]
query_disjoin.js:37 [{…}]
query_disjoin.js:37 [{…}]
query_disjoin.js:37 [{…}]
query_disjoin.js:37 [{…}]
query_disjoin.js:37 [{…}]
query_disjoin.js:37 [{…}]
query_disjoin.js:37 [{…}]
query_disjoin.js:37 [{…}]
query_disjoin.js:37 [{…}]
query_disjoin.js:37 [{…}]
query_disjoin.js:37 [{…}]
query_disjoin.js:37 [{…}]
query_disjoin.js:37 [{…}]
query_disjoin.js:37 [{…}]
query_disjoin.js:37 [{…}]
query_disjoin.js:37 [{…}]
query_disjoin.js:37 [{…}]
query_disjoin.js:37 [{…}]
query_disjoin.js:37 [{…}]
query_disjoin.js:37 [{…}]
query_disjoin.js:37 [{…}]
query_disjoin.js:37 [{…}]
query_disjoin.js:37 [{…}]
query_disjoin.js:37 [{…}]
query_disjoin.js:37 [{…}]
query_disjoin.js:37 [{…}]
query_disjoin.js:37 [{…}]
query_disjoin.js:37 [{…}]
query_disjoin.js:37 [{…}]
query_disjoin.js:37 [{…}]
query_disjoin.js:37 [{…}]
query_disjoin.js:37 [{…}]
query_disjoin.js:37 [{…}]
query_disjoin.js:37 [{…}]
query_disjoin.js:37 [{…}]
query_disjoin.js:37 [{…}]
query_disjoin.js:37 [{…}]
query_disjoin.js:37 [{…}]
query_disjoin.js:37 [{…}]
query_disjoin.js:37 [{…}]
query_disjoin.js:37 [{…}]
query_disjoin.js:37 [{…}]
query_disjoin.js:37 [{…}]
query_disjoin.js:37 [{…}]
query_disjoin.js:37 [{…}]
query_disjoin.js:37 [{…}]
query_disjoin.js:37 [{…}]
query_disjoin.js:37 [{…}]
query_disjoin.js:37 [{…}]
query_disjoin.js:37 [{…}]
query_disjoin.js:37 [{…}]
query_disjoin.js:37 [{…}]
query_disjoin.js:37 [{…}]
query_disjoin.js:37 [{…}]
query_disjoin.js:37 [{…}]
query_disjoin.js:37 [{…}]
query_disjoin.js:37 [{…}]
query_disjoin.js:37 [{…}]
query_disjoin.js:37 [{…}]
query_disjoin.js:37 [{…}]
query_disjoin.js:37 [{…}]
query_disjoin.js:37 [{…}]
query_disjoin.js:37 [{…}]
query_disjoin.js:37 [{…}]
query_disjoin.js:37 [{…}]
query_disjoin.js:37 [{…}]
query_disjoin.js:37 [{…}]
query_disjoin.js:37 [{…}]
query_disjoin.js:37 [{…}]
query_disjoin.js:37 [{…}]
query_disjoin.js:37 [{…}]
query_disjoin.js:37 [{…}]
query_disjoin.js:37 [{…}]
query_disjoin.js:37 [{…}]
query_disjoin.js:37 [{…}]
query_disjoin.js:37 [{…}]
query_disjoin.js:37 [{…}]
query_disjoin.js:37 [{…}]
query_disjoin.js:37 [{…}]
query_disjoin.js:37 [{…}]
query_disjoin.js:37 [{…}]
query_disjoin.js:37 [{…}]
query_disjoin.js:37 [{…}]
query_disjoin.js:37 [{…}]
query_disjoin.js:37 [{…}]
query_disjoin.js:37 [{…}]
query_disjoin.js:37 [{…}]
query_disjoin.js:37 [{…}]
query_disjoin.js:37 [{…}]
query_disjoin.js:37 [{…}]
query_disjoin.js:37 [{…}]
query_disjoin.js:37 [{…}]
query_disjoin.js:37 [{…}]
query_disjoin.js:37 [{…}]
query_disjoin.js:37 [{…}]
query_disjoin.js:37 [{…}]
query_disjoin.js:37 [{…}]
query_disjoin.js:37 [{…}]
query_disjoin.js:37 [{…}]
query_disjoin.js:37 [{…}]
query_disjoin.js:37 [{…}]
query_disjoin.js:37 [{…}]
query_disjoin.js:37 [{…}]
query_disjoin.js:37 [{…}]
query_disjoin.js:37 [{…}]
query_disjoin.js:37 [{…}]
query_disjoin.js:37 [{…}]
query_disjoin.js:37 [{…}]
query_disjoin.js:37 [{…}]
query_disjoin.js:37 [{…}]
query_disjoin.js:37 [{…}]
query_disjoin.js:37 [{…}]
query_disjoin.js:37 [{…}]
query_disjoin.js:37 [{…}]
query_disjoin.js:37 [{…}]
query_disjoin.js:37 [{…}]
query_disjoin.js:37 [{…}]
query_disjoin.js:37 [{…}]
query_disjoin.js:37 [{…}]
query_disjoin.js:37 [{…}]
query_disjoin.js:37 [{…}]
query_disjoin.js:37 [{…}]
query_disjoin.js:37 [{…}]
query_disjoin.js:37 [{…}]
query_disjoin.js:37 [{…}]
query_disjoin.js:37 [{…}]
query_disjoin.js:37 [{…}]
query_disjoin.js:37 [{…}]
query_disjoin.js:37 [{…}]
query_disjoin.js:37 [{…}]
query_disjoin.js:37 [{…}]
query_disjoin.js:37 [{…}]
query_disjoin.js:37 [{…}]
query_disjoin.js:37 [{…}]
query_disjoin.js:37 [{…}]
query_disjoin.js:37 [{…}]
query_disjoin.js:37 [{…}]
query_disjoin.js:37 [{…}]
query_disjoin.js:37 [{…}]
query_disjoin.js:37 [{…}]
query_disjoin.js:37 [{…}]
query_disjoin.js:37 [{…}]
query_disjoin.js:37 [{…}]
query_disjoin.js:37 [{…}]
query_disjoin.js:37 [{…}]
query_disjoin.js:37 [{…}]
query_disjoin.js:37 [{…}]
query_disjoin.js:37 [{…}]
query_disjoin.js:37 [{…}]
query_disjoin.js:37 [{…}]
query_disjoin.js:37 [{…}]
query_disjoin.js:37 [{…}]
query_disjoin.js:37 [{…}]
query_disjoin.js:37 [{…}]
query_disjoin.js:37 [{…}]
query_disjoin.js:37 [{…}]
query_disjoin.js:37 [{…}]
query_disjoin.js:37 [{…}]
query_disjoin.js:37 [{…}]
query_disjoin.js:37 [{…}]
query_disjoin.js:37 [{…}]
query_disjoin.js:37 [{…}]
query_disjoin.js:37 [{…}]
query_disjoin.js:37 [{…}]
query_disjoin.js:37 [{…}]
query_disjoin.js:37 [{…}]
query_disjoin.js:37 [{…}]
query_disjoin.js:37 [{…}]
query_disjoin.js:37 [{…}]
query_disjoin.js:37 [{…}]
query_disjoin.js:37 [{…}]
query_disjoin.js:37 [{…}]
query_disjoin.js:37 [{…}]
query_disjoin.js:37 [{…}]
query_disjoin.js:37 [{…}]
query_disjoin.js:37 [{…}]
query_disjoin.js:37 [{…}]
query_disjoin.js:37 [{…}]
query_disjoin.js:37 [{…}]
query_disjoin.js:37 [{…}]
query_disjoin.js:37 [{…}]
query_disjoin.js:37 [{…}]
query_disjoin.js:37 [{…}]
query_disjoin.js:37 [{…}]
query_disjoin.js:37 [{…}]
query_disjoin.js:37 [{…}]
query_disjoin.js:37 [{…}]
query_disjoin.js:37 [{…}]
query_disjoin.js:37 [{…}]
query_disjoin.js:37 [{…}]
query_disjoin.js:37 [{…}]
query_disjoin.js:37 [{…}]
query_disjoin.js:37 [{…}]
query_disjoin.js:37 [{…}]
query_disjoin.js:37 [{…}]
query_disjoin.js:37 [{…}]
query_disjoin.js:37 [{…}]
query_disjoin.js:37 [{…}]
query_disjoin.js:37 [{…}]
query_disjoin.js:37 [{…}]
query_disjoin.js:37 [{…}]
query_disjoin.js:37 [{…}]
query_disjoin.js:37 [{…}]
query_disjoin.js:37 [{…}]
query_disjoin.js:37 [{…}]
query_disjoin.js:37 [{…}]
query_disjoin.js:37 [{…}]
query_disjoin.js:37 [{…}]
query_disjoin.js:37 [{…}]
query_disjoin.js:37 [{…}]
query_disjoin.js:37 [{…}]
query_disjoin.js:37 [{…}]
query_disjoin.js:37 [{…}]
query_disjoin.js:37 [{…}]
query_disjoin.js:37 [{…}]
query_disjoin.js:37 [{…}]
query_disjoin.js:37 [{…}]
query_disjoin.js:37 [{…}]
util.js:227 Google Maps JavaScript API warning: NoApiKeys https://developers.google.com/maps/documentation/javascript/error-messages#no-api-keys
Lw.j @ util.js:227
(anonymous) @ js:158
(anonymous) @ js:63
(anonymous) @ js:60
(anonymous) @ js:63
(anonymous) @ js:135
(anonymous) @ js:60
(anonymous) @ js:135
(anonymous) @ js:60
(anonymous) @ js:135
(anonymous) @ js:60
(anonymous) @ js:135
Rd @ js:63
Qd.va @ js:135
(anonymous) @ common.js:1
query_disjoin.js:37 [{…}]
query_disjoin.js:37 [{…}]
query_disjoin.js:37 [{…}]
query_disjoin.js:37 [{…}]
query_disjoin.js:37 [{…}]
query_disjoin.js:37 [{…}]
query_disjoin.js:37 [{…}]
query_disjoin.js:37 [{…}]
query_disjoin.js:37 [{…}]
query_disjoin.js:37 [{…}]
query_disjoin.js:37 [{…}]
query_disjoin.js:37 [{…}]
query_disjoin.js:37 [{…}]
query_disjoin.js:37 [{…}]
query_disjoin.js:37 [{…}]
query_disjoin.js:37 [{…}]
query_disjoin.js:37 [{…}]
query_disjoin.js:37 [{…}]
query_disjoin.js:37 [{…}]
query_disjoin.js:37 [{…}]
query_disjoin.js:37 [{…}]
query_disjoin.js:37 [{…}]
query_disjoin.js:37 [{…}]
query_disjoin.js:37 [{…}]
query_disjoin.js:37 [{…}]
query_disjoin.js:37 [{…}]
query_disjoin.js:37 [{…}]
query_disjoin.js:37 [{…}]
query_disjoin.js:37 [{…}]
query_disjoin.js:37 [{…}]
query_disjoin.js:37 [{…}]
query_disjoin.js:37 [{…}]
query_disjoin.js:37 [{…}]
query_disjoin.js:37 [{…}]
query_disjoin.js:37 [{…}]
query_disjoin.js:37 [{…}]
query_disjoin.js:37 [{…}]
query_disjoin.js:37 [{…}]
query_disjoin.js:37 [{…}]
query_disjoin.js:37 [{…}]
query_disjoin.js:37 [{…}]
query_disjoin.js:37 [{…}]
query_disjoin.js:37 [{…}]
query_disjoin.js:37 [{…}]
query_disjoin.js:37 [{…}]
query_disjoin.js:37 [{…}]
query_disjoin.js:37 [{…}]
query_disjoin.js:37 [{…}]
query_disjoin.js:37 [{…}]
query_disjoin.js:37 [{…}]
query_disjoin.js:37 [{…}]
query_disjoin.js:37 [{…}]
query_disjoin.js:37 [{…}]
query_disjoin.js:37 [{…}]
query_disjoin.js:37 [{…}]
query_disjoin.js:37 [{…}]
query_disjoin.js:37 [{…}]
query_disjoin.js:37 [{…}]
query_disjoin.js:37 [{…}]
query_disjoin.js:37 [{…}]
query_disjoin.js:37 [{…}]
query_disjoin.js:37 [{…}]
query_disjoin.js:37 [{…}]
query_disjoin.js:37 [{…}]
query_disjoin.js:37 [{…}]
query_disjoin.js:37 [{…}]
query_disjoin.js:37 [{…}]
query_disjoin.js:37 [{…}]
query_disjoin.js:37 [{…}]
query_disjoin.js:37 [{…}]
query_disjoin.js:37 [{…}]
query_disjoin.js:37 [{…}]
query_disjoin.js:37 [{…}]
query_disjoin.js:37 [{…}]
query_disjoin.js:37 [{…}]
query_disjoin.js:37 [{…}]
query_disjoin.js:37 [{…}]
query_disjoin.js:37 [{…}]
query_disjoin.js:37 [{…}]
query_disjoin.js:37 [{…}]
query_disjoin.js:37 [{…}]
query_disjoin.js:37 [{…}]
query_disjoin.js:37 [{…}]
query_disjoin.js:37 [{…}]
query_disjoin.js:37 [{…}]
query_disjoin.js:37 [{…}]
query_disjoin.js:37 [{…}]
query_disjoin.js:37 [{…}]
query_disjoin.js:37 [{…}]
query_disjoin.js:37 [{…}]
query_disjoin.js:37 [{…}]
query_disjoin.js:37 [{…}]
query_disjoin.js:37 [{…}]
query_disjoin.js:37 [{…}]
query_disjoin.js:37 [{…}]
query_disjoin.js:37 [{…}]
query_disjoin.js:37 [{…}]
query_disjoin.js:37 [{…}]
query_disjoin.js:37 [{…}]
query_disjoin.js:37 [{…}]
query_disjoin.js:37 [{…}]
query_disjoin.js:37 [{…}]
query_disjoin.js:37 [{…}]
query_disjoin.js:37 [{…}]
query_disjoin.js:37 [{…}]
query_disjoin.js:37 [{…}]
query_disjoin.js:37 [{…}]
query_disjoin.js:37 [{…}]
query_disjoin.js:37 [{…}]
query_disjoin.js:37 [{…}]
query_disjoin.js:37 [{…}]
query_disjoin.js:37 [{…}]
query_disjoin.js:37 [{…}]
query_disjoin.js:37 [{…}]
query_disjoin.js:37 [{…}]
query_disjoin.js:37 [{…}]
query_disjoin.js:37 [{…}]
query_disjoin.js:37 [{…}]
query_disjoin.js:37 [{…}]
query_disjoin.js:37 [{…}]
query_disjoin.js:37 [{…}]
query_disjoin.js:37 [{…}]
query_disjoin.js:37 [{…}]
query_disjoin.js:37 [{…}]
query_disjoin.js:37 [{…}]
query_disjoin.js:37 [{…}]
query_disjoin.js:37 [{…}]
query_disjoin.js:37 [{…}]
query_disjoin.js:37 [{…}]
query_disjoin.js:37 [{…}]
query_disjoin.js:37 [{…}]
query_disjoin.js:37 [{…}]
query_disjoin.js:37 [{…}]
query_disjoin.js:37 [{…}]
query_disjoin.js:37 [{…}]
query_disjoin.js:37 [{…}]
query_disjoin.js:37 [{…}]
query_disjoin.js:37 [{…}]
query_disjoin.js:37 [{…}]
query_disjoin.js:37 [{…}]
query_disjoin.js:37 [{…}]
query_disjoin.js:37 [{…}]
query_disjoin.js:37 [{…}]
query_disjoin.js:37 [{…}]
query_disjoin.js:37 [{…}]
query_disjoin.js:37 [{…}]
query_disjoin.js:37 [{…}]
query_disjoin.js:37 [{…}]
query_disjoin.js:37 [{…}]
query_disjoin.js:37 [{…}]
query_disjoin.js:37 [{…}]
query_disjoin.js:37 [{…}]
query_disjoin.js:37 [{…}]
query_disjoin.js:37 [{…}]
query_disjoin.js:37 [{…}]
query_disjoin.js:37 [{…}]
query_disjoin.js:37 [{…}]
query_disjoin.js:37 [{…}]
query_disjoin.js:37 [{…}]
query_disjoin.js:37 [{…}]
query_disjoin.js:37 [{…}]
query_disjoin.js:37 [{…}]
query_disjoin.js:37 [{…}]
query_disjoin.js:37 [{…}]
query_disjoin.js:37 [{…}]
query_disjoin.js:37 [{…}]
query_disjoin.js:37 [{…}]
query_disjoin.js:37 [{…}]
query_disjoin.js:37 [{…}]
query_disjoin.js:37 [{…}]
query_disjoin.js:37 [{…}]
query_disjoin.js:37 [{…}]
query_disjoin.js:37 [{…}]
query_disjoin.js:37 [{…}]
query_disjoin.js:37 [{…}]
query_disjoin.js:37 [{…}]
query_disjoin.js:37 [{…}]
query_disjoin.js:37 [{…}]
query_disjoin.js:37 [{…}]
query_disjoin.js:37 [{…}]
query_disjoin.js:37 [{…}]
query_disjoin.js:37 [{…}]
query_disjoin.js:37 [{…}]
query_disjoin.js:37 [{…}]
query_disjoin.js:37 [{…}]
query_disjoin.js:37 [{…}]
query_disjoin.js:37 [{…}]
query_disjoin.js:37 [{…}]
query_disjoin.js:37 [{…}]
query_disjoin.js:37 [{…}]
query_disjoin.js:37 [{…}]
query_disjoin.js:37 [{…}]
query_disjoin.js:37 [{…}]
query_disjoin.js:37 [{…}]
query_disjoin.js:37 [{…}]
query_disjoin.js:37 [{…}]
query_disjoin.js:37 [{…}]
query_disjoin.js:37 [{…}]
query_disjoin.js:37 [{…}]
query_disjoin.js:37 [{…}]
query_disjoin.js:37 [{…}]
query_disjoin.js:37 [{…}]
query_disjoin.js:37 [{…}]
query_disjoin.js:37 [{…}]
query_disjoin.js:37 [{…}]
query_disjoin.js:37 [{…}]
query_disjoin.js:37 [{…}]
query_disjoin.js:37 [{…}]
query_disjoin.js:37 [{…}]
query_disjoin.js:37 [{…}]
query_disjoin.js:37 [{…}]
query_disjoin.js:37 [{…}]
query_disjoin.js:37 [{…}]
query_disjoin.js:37 [{…}]
query_disjoin.js:37 [{…}]
query_disjoin.js:37 [{…}]
query_disjoin.js:37 [{…}]
query_disjoin.js:37 [{…}]
query_disjoin.js:37 [{…}]
query_disjoin.js:37 [{…}]
query_disjoin.js:37 [{…}]
query_disjoin.js:37 [{…}]
query_disjoin.js:37 [{…}]
query_disjoin.js:37 [{…}]
query_disjoin.js:37 [{…}]
query_disjoin.js:37 [{…}]
query_disjoin.js:37 [{…}]
query_disjoin.js:37 [{…}]
query_disjoin.js:37 [{…}]
query_disjoin.js:37 [{…}]
query_disjoin.js:37 [{…}]
query_disjoin.js:37 [{…}]
query_disjoin.js:37 [{…}]
query_disjoin.js:37 [{…}]
query_disjoin.js:37 [{…}]
query_disjoin.js:37 [{…}]
query_disjoin.js:37 [{…}]
query_disjoin.js:37 [{…}]
query_disjoin.js:37 [{…}]
query_disjoin.js:37 [{…}]
query_disjoin.js:37 [{…}]
query_disjoin.js:37 [{…}]
query_disjoin.js:37 [{…}]
query_disjoin.js:37 [{…}]
query_disjoin.js:37 [{…}]
query_disjoin.js:37 [{…}]
query_disjoin.js:37 [{…}]
query_disjoin.js:37 [{…}]
query_disjoin.js:37 [{…}]
query_disjoin.js:37 [{…}]
query_disjoin.js:37 [{…}]
query_disjoin.js:37 [{…}]
query_disjoin.js:37 [{…}]
query_disjoin.js:37 [{…}]
query_disjoin.js:37 [{…}]
query_disjoin.js:37 [{…}]
query_disjoin.js:37 [{…}]
query_disjoin.js:37 [{…}]
query_disjoin.js:37 [{…}]
query_disjoin.js:37 [{…}]
query_disjoin.js:37 [{…}]
query_disjoin.js:37 [{…}]
query_disjoin.js:37 [{…}]
query_disjoin.js:37 [{…}]
query_disjoin.js:37 [{…}]
query_disjoin.js:37 [{…}]
query_disjoin.js:37 [{…}]
query_disjoin.js:37 [{…}]
query_disjoin.js:37 [{…}]
query_disjoin.js:37 [{…}]
query_disjoin.js:37 [{…}]
query_disjoin.js:37 [{…}]
query_disjoin.js:37 [{…}]
query_disjoin.js:37 [{…}]
query_disjoin.js:37 [{…}]
query_disjoin.js:37 [{…}]
query_disjoin.js:37 [{…}]
query_disjoin.js:37 [{…}]
query_disjoin.js:37 [{…}]
query_disjoin.js:37 [{…}]
query_disjoin.js:37 [{…}]
query_disjoin.js:37 [{…}]
query_disjoin.js:37 [{…}]
query_disjoin.js:37 [{…}]
query_disjoin.js:37 [{…}]
query_disjoin.js:37 [{…}]
query_disjoin.js:37 [{…}]
query_disjoin.js:37 [{…}]
query_disjoin.js:37 [{…}]
query_disjoin.js:37 [{…}]
query_disjoin.js:37 [{…}]
query_disjoin.js:37 [{…}]
query_disjoin.js:37 [{…}]
query_disjoin.js:37 [{…}]
query_disjoin.js:37 [{…}]
query_disjoin.js:37 [{…}]
query_disjoin.js:37 [{…}]
query_disjoin.js:37 [{…}]
query_disjoin.js:37 [{…}]
query_disjoin.js:37 [{…}]
query_disjoin.js:37 [{…}]
query_disjoin.js:37 [{…}]
query_disjoin.js:37 [{…}]
query_disjoin.js:37 [{…}]
query_disjoin.js:37 [{…}]
query_disjoin.js:37 [{…}]
query_disjoin.js:37 [{…}]
query_disjoin.js:37 [{…}]
query_disjoin.js:37 [{…}]
query_disjoin.js:37 [{…}]
query_disjoin.js:37 [{…}]
query_disjoin.js:37 [{…}]
query_disjoin.js:37 [{…}]
query_disjoin.js:37 [{…}]
query_disjoin.js:37 [{…}]
query_disjoin.js:37 [{…}]
query_disjoin.js:37 [{…}]
query_disjoin.js:37 [{…}]
query_disjoin.js:37 [{…}]
query_disjoin.js:37 [{…}]
query_disjoin.js:37 [{…}]
query_disjoin.js:37 [{…}]
query_disjoin.js:37 [{…}]
query_disjoin.js:37 [{…}]
query_disjoin.js:37 [{…}]
query_disjoin.js:37 [{…}]
query_disjoin.js:37 [{…}]
query_disjoin.js:37 [{…}]
query_disjoin.js:37 [{…}]
query_disjoin.js:37 [{…}]
query_disjoin.js:37 [{…}]
query_disjoin.js:37 [{…}]
query_disjoin.js:37 [{…}]
query_disjoin.js:37 [{…}]
query_disjoin.js:37 [{…}]
query_disjoin.js:37 [{…}]
query_disjoin.js:37 [{…}]
query_disjoin.js:37 [{…}]
query_disjoin.js:37 [{…}]
query_disjoin.js:37 [{…}]
query_disjoin.js:37 [{…}]
query_disjoin.js:37 [{…}]
query_disjoin.js:37 [{…}]
query_disjoin.js:37 [{…}]
query_disjoin.js:37 [{…}]
query_disjoin.js:37 [{…}]
query_disjoin.js:37 [{…}]
query_disjoin.js:37 [{…}]
query_disjoin.js:37 [{…}]
query_disjoin.js:37 [{…}]
query_disjoin.js:37 [{…}]
query_disjoin.js:37 [{…}]
query_disjoin.js:37 [{…}]
query_disjoin.js:37 [{…}]
query_disjoin.js:37 [{…}]
query_disjoin.js:37 [{…}]
query_disjoin.js:37 [{…}]
query_disjoin.js:37 [{…}]
query_disjoin.js:37 [{…}]
query_disjoin.js:37 [{…}]
query_disjoin.js:37 [{…}]
query_disjoin.js:37 [{…}]
query_disjoin.js:37 [{…}]
query_disjoin.js:37 [{…}]
query_disjoin.js:37 [{…}]
query_disjoin.js:37 [{…}]
query_disjoin.js:37 [{…}]
query_disjoin.js:37 [{…}]
query_disjoin.js:37 [{…}]
query_disjoin.js:37 [{…}]
query_disjoin.js:37 [{…}]
query_disjoin.js:37 [{…}]
query_disjoin.js:37 [{…}]
query_disjoin.js:37 [{…}]
query_disjoin.js:37 [{…}]
query_disjoin.js:37 [{…}]
query_disjoin.js:37 [{…}]
query_disjoin.js:37 [{…}]
query_disjoin.js:37 [{…}]
query_disjoin.js:37 [{…}]
query_disjoin.js:37 [{…}]
query_disjoin.js:37 [{…}]
query_disjoin.js:37 [{…}]
query_disjoin.js:37 [{…}]
query_disjoin.js:37 [{…}]
query_disjoin.js:37 [{…}]
query_disjoin.js:37 [{…}]
query_disjoin.js:37 [{…}]
query_disjoin.js:37 [{…}]
query_disjoin.js:37 [{…}]
query_disjoin.js:37 [{…}]
query_disjoin.js:37 [{…}]
query_disjoin.js:37 [{…}]
query_disjoin.js:37 [{…}]
query_disjoin.js:37 [{…}]
query_disjoin.js:37 [{…}]
query_disjoin.js:37 [{…}]
query_disjoin.js:37 [{…}]
query_disjoin.js:37 [{…}]
query_disjoin.js:37 [{…}]
query_disjoin.js:37 [{…}]
query_disjoin.js:37 [{…}]
query_disjoin.js:37 [{…}]
query_disjoin.js:37 [{…}]
query_disjoin.js:37 [{…}]
query_disjoin.js:37 [{…}]
query_disjoin.js:37 [{…}]
query_disjoin.js:37 [{…}]
query_disjoin.js:37 [{…}]
query_disjoin.js:37 [{…}]
query_disjoin.js:37 [{…}]
query_disjoin.js:37 [{…}]
query_disjoin.js:37 [{…}]
query_disjoin.js:37 [{…}]
query_disjoin.js:37 [{…}]
query_disjoin.js:37 [{…}]
query_disjoin.js:37 [{…}]
query_disjoin.js:37 [{…}]
query_disjoin.js:37 [{…}]
query_disjoin.js:37 [{…}]
query_disjoin.js:37 [{…}]
query_disjoin.js:37 [{…}]
query_disjoin.js:37 [{…}]
query_disjoin.js:37 [{…}]
query_disjoin.js:37 [{…}]
query_disjoin.js:37 [{…}]
query_disjoin.js:37 [{…}]
query_disjoin.js:37 [{…}]
query_disjoin.js:37 [{…}]
query_disjoin.js:37 [{…}]
query_disjoin.js:37 [{…}]
query_disjoin.js:37 [{…}]
query_disjoin.js:37 [{…}]
query_disjoin.js:37 [{…}]
query_disjoin.js:37 [{…}]
query_disjoin.js:37 [{…}]
query_disjoin.js:37 [{…}]
query_disjoin.js:37 [{…}]
query_disjoin.js:37 [{…}]
query_disjoin.js:37 [{…}]
query_disjoin.js:37 [{…}]
query_disjoin.js:37 [{…}]
query_disjoin.js:37 [{…}]
query_disjoin.js:37 [{…}]
query_disjoin.js:37 [{…}]
query_disjoin.js:37 [{…}]
query_disjoin.js:37 [{…}]
query_disjoin.js:37 [{…}]
query_disjoin.js:37 [{…}]
query_disjoin.js:37 [{…}]
query_disjoin.js:37 [{…}]
query_disjoin.js:37 [{…}]
query_disjoin.js:37 [{…}]
query_disjoin.js:37 [{…}]
query_disjoin.js:37 [{…}]
query_disjoin.js:37 [{…}]
query_disjoin.js:37 [{…}]
query_disjoin.js:37 [{…}]
query_disjoin.js:37 [{…}]
query_disjoin.js:37 [{…}]
query_disjoin.js:37 [{…}]
query_disjoin.js:37 [{…}]
query_disjoin.js:37 [{…}]
query_disjoin.js:37 [{…}]
query_disjoin.js:37 [{…}]
query_disjoin.js:37 [{…}]
query_disjoin.js:37 [{…}]
query_disjoin.js:37 [{…}]
query_disjoin.js:37 [{…}]
query_disjoin.js:37 [{…}]
query_disjoin.js:37 [{…}]
query_disjoin.js:37 [{…}]
query_disjoin.js:37 [{…}]
query_disjoin.js:37 [{…}]
query_disjoin.js:37 [{…}]
query_disjoin.js:37 [{…}]
query_disjoin.js:37 [{…}]
query_disjoin.js:37 [{…}]
query_disjoin.js:37 [{…}]
query_disjoin.js:37 [{…}]
query_disjoin.js:37 [{…}]
query_disjoin.js:37 [{…}]
query_disjoin.js:37 [{…}]
query_disjoin.js:37 [{…}]
query_disjoin.js:37 [{…}]
query_disjoin.js:37 [{…}]
query_disjoin.js:37 [{…}]
query_disjoin.js:37 [{…}]
query_disjoin.js:37 [{…}]
query_disjoin.js:37 [{…}]
query_disjoin.js:37 [{…}]
query_disjoin.js:37 [{…}]
query_disjoin.js:37 [{…}]
query_disjoin.js:37 [{…}]
query_disjoin.js:37 [{…}]
query_disjoin.js:37 [{…}]
query_disjoin.js:37 [{…}]
query_disjoin.js:37 [{…}]
query_disjoin.js:37 [{…}]
query_disjoin.js:37 [{…}]
query_disjoin.js:37 [{…}]
query_disjoin.js:37 [{…}]
query_disjoin.js:37 [{…}]
query_disjoin.js:37 [{…}]
query_disjoin.js:37 [{…}]
query_disjoin.js:37 [{…}]
query_disjoin.js:37 [{…}]
query_disjoin.js:37 [{…}]
query_disjoin.js:37 [{…}]
query_disjoin.js:37 [{…}]
query_disjoin.js:37 [{…}]
query_disjoin.js:37 [{…}]
query_disjoin.js:37 [{…}]
query_disjoin.js:37 [{…}]
query_disjoin.js:37 [{…}]
query_disjoin.js:37 [{…}]
query_disjoin.js:37 [{…}]
query_disjoin.js:37 [{…}]
query_disjoin.js:37 [{…}]
query_disjoin.js:37 [{…}]
query_disjoin.js:37 [{…}]
query_disjoin.js:37 [{…}]
query_disjoin.js:37 [{…}]
query_disjoin.js:37 [{…}]
query_disjoin.js:37 [{…}]
query_disjoin.js:37 [{…}]
query_disjoin.js:37 [{…}]
query_disjoin.js:37 [{…}]
query_disjoin.js:37 [{…}]
query_disjoin.js:37 [{…}]
query_disjoin.js:37 [{…}]
query_disjoin.js:37 [{…}]
query_disjoin.js:37 [{…}]
query_disjoin.js:37 [{…}]
query_disjoin.js:37 [{…}]
query_disjoin.js:37 [{…}]
query_disjoin.js:37 [{…}]
query_disjoin.js:37 [{…}]
query_disjoin.js:37 [{…}]
query_disjoin.js:37 [{…}]
query_disjoin.js:37 [{…}]
query_disjoin.js:37 [{…}]
query_disjoin.js:37 [{…}]
query_disjoin.js:37 [{…}]
query_disjoin.js:37 [{…}]
query_disjoin.js:37 [{…}]
query_disjoin.js:37 [{…}]
query_disjoin.js:37 [{…}]
query_disjoin.js:37 [{…}]
query_disjoin.js:37 [{…}]
query_disjoin.js:37 [{…}]
query_disjoin.js:37 [{…}]
query_disjoin.js:37 [{…}]
query_disjoin.js:37 [{…}]
query_disjoin.js:37 [{…}]
query_disjoin.js:37 [{…}]
query_disjoin.js:37 [{…}]
query_disjoin.js:37 [{…}]
query_disjoin.js:37 [{…}]
query_disjoin.js:37 [{…}]
query_disjoin.js:37 [{…}]
query_disjoin.js:37 [{…}]
query_disjoin.js:37 [{…}]
query_disjoin.js:37 [{…}]
query_disjoin.js:37 [{…}]
query_disjoin.js:37 [{…}]
query_disjoin.js:37 [{…}]
query_disjoin.js:37 [{…}]
query_disjoin.js:37 [{…}]
query_disjoin.js:37 [{…}]
query_disjoin.js:37 [{…}]
query_disjoin.js:37 [{…}]
query_disjoin.js:37 [{…}]
query_disjoin.js:37 [{…}]
query_disjoin.js:37 [{…}]
query_disjoin.js:37 [{…}]
query_disjoin.js:37 [{…}]
query_disjoin.js:37 [{…}]
query_disjoin.js:37 [{…}]
query_disjoin.js:37 [{…}]
query_disjoin.js:37 [{…}]
query_disjoin.js:37 [{…}]
query_disjoin.js:37 [{…}]
query_disjoin.js:37 [{…}]
query_disjoin.js:37 [{…}]
query_disjoin.js:37 [{…}]
query_disjoin.js:37 [{…}]
query_disjoin.js:37 [{…}]
query_disjoin.js:37 [{…}]
query_disjoin.js:37 [{…}]
query_disjoin.js:37 [{…}]
query_disjoin.js:37 [{…}]
query_disjoin.js:37 [{…}]
query_disjoin.js:37 [{…}]
query_disjoin.js:37 [{…}]
query_disjoin.js:37 [{…}]
query_disjoin.js:37 [{…}]
query_disjoin.js:37 [{…}]
query_disjoin.js:37 [{…}]
query_disjoin.js:37 [{…}]
query_disjoin.js:37 [{…}]
query_disjoin.js:37 [{…}]
query_disjoin.js:37 [{…}]
query_disjoin.js:37 [{…}]
query_disjoin.js:37 [{…}]
query_disjoin.js:37 [{…}]
query_disjoin.js:37 [{…}]
query_disjoin.js:37 [{…}]
query_disjoin.js:37 [{…}]
query_disjoin.js:37 [{…}]
query_disjoin.js:37 [{…}]
query_disjoin.js:37 [{…}]
query_disjoin.js:37 [{…}]
query_disjoin.js:37 [{…}]
query_disjoin.js:37 [{…}]
query_disjoin.js:37 [{…}]
query_disjoin.js:37 [{…}]
query_disjoin.js:37 [{…}]
query_disjoin.js:37 [{…}]
query_disjoin.js:37 [{…}]
query_disjoin.js:37 [{…}]
query_disjoin.js:37 [{…}]
query_disjoin.js:37 [{…}]
query_disjoin.js:37 [{…}]
query_disjoin.js:37 [{…}]
query_disjoin.js:37 [{…}]
query_disjoin.js:37 [{…}]
query_disjoin.js:37 [{…}]
query_disjoin.js:37 [{…}]
query_disjoin.js:37 [{…}]
query_disjoin.js:37 [{…}]
query_disjoin.js:37 [{…}]
query_disjoin.js:37 [{…}]
query_disjoin.js:37 [{…}]
query_disjoin.js:37 [{…}]
query_disjoin.js:37 [{…}]
query_disjoin.js:37 [{…}]
query_disjoin.js:37 [{…}]
query_disjoin.js:37 [{…}]
query_disjoin.js:37 [{…}]
query_disjoin.js:37 [{…}]
query_disjoin.js:37 [{…}]
query_disjoin.js:37 [{…}]
query_disjoin.js:37 [{…}]
query_disjoin.js:37 [{…}]
query_disjoin.js:37 [{…}]
query_disjoin.js:37 [{…}]
query_disjoin.js:37 [{…}]
query_disjoin.js:37 [{…}]
query_disjoin.js:37 [{…}]
query_disjoin.js:37 [{…}]
query_disjoin.js:37 [{…}]
query_disjoin.js:37 [{…}]
query_disjoin.js:37 [{…}]
query_disjoin.js:37 [{…}]
query_disjoin.js:37 [{…}]
query_disjoin.js:37 [{…}]
query_disjoin.js:37 [{…}]
query_disjoin.js:37 [{…}]
query_disjoin.js:37 [{…}]
query_disjoin.js:37 [{…}]
query_disjoin.js:37 [{…}]
query_disjoin.js:37 [{…}]
query_disjoin.js:37 [{…}]
query_disjoin.js:37 [{…}]
query_disjoin.js:37 [{…}]
query_disjoin.js:37 [{…}]
query_disjoin.js:37 [{…}]
query_disjoin.js:37 [{…}]
query_disjoin.js:37 [{…}]
query_disjoin.js:37 [{…}]
query_disjoin.js:37 [{…}]
query_disjoin.js:37 [{…}]
query_disjoin.js:37 [{…}]
query_disjoin.js:37 [{…}]
query_disjoin.js:37 [{…}]
query_disjoin.js:37 [{…}]
query_disjoin.js:37 [{…}]
query_disjoin.js:37 [{…}]
query_disjoin.js:37 [{…}]
query_disjoin.js:37 [{…}]
query_disjoin.js:37 [{…}]
query_disjoin.js:37 [{…}]
query_disjoin.js:37 [{…}]
query_disjoin.js:37 [{…}]
query_disjoin.js:37 [{…}]
query_disjoin.js:37 [{…}]
query_disjoin.js:37 [{…}]
query_disjoin.js:37 [{…}]
query_disjoin.js:37 [{…}]
query_disjoin.js:37 [{…}]
query_disjoin.js:37 [{…}]
query_disjoin.js:37 [{…}]
query_disjoin.js:37 [{…}]
query_disjoin.js:37 [{…}]
query_disjoin.js:37 [{…}]
query_disjoin.js:37 [{…}]
query_disjoin.js:37 [{…}]
query_disjoin.js:37 [{…}]
query_disjoin.js:37 [{…}]
query_disjoin.js:37 [{…}]
query_disjoin.js:37 [{…}]
query_disjoin.js:37 [{…}]
query_disjoin.js:37 [{…}]
query_disjoin.js:37 [{…}]
query_disjoin.js:37 [{…}]
query_disjoin.js:37 [{…}]
query_disjoin.js:37 [{…}]
query_disjoin.js:37 [{…}]
query_disjoin.js:37 [{…}]
query_disjoin.js:37 [{…}]
query_disjoin.js:37 [{…}]
query_disjoin.js:37 [{…}]
query_disjoin.js:37 [{…}]
query_disjoin.js:37 [{…}]
query_disjoin.js:37 [{…}]
query_disjoin.js:37 [{…}]
query_disjoin.js:37 [{…}]
query_disjoin.js:37 [{…}]
query_disjoin.js:37 [{…}]
query_disjoin.js:37 [{…}]
query_disjoin.js:37 [{…}]
query_disjoin.js:37 [{…}]
query_disjoin.js:37 [{…}]
query_disjoin.js:37 [{…}]
query_disjoin.js:37 [{…}]
query_disjoin.js:37 [{…}]
query_disjoin.js:37 [{…}]
query_disjoin.js:37 [{…}]
query_disjoin.js:37 [{…}]
query_disjoin.js:37 [{…}]
query_disjoin.js:37 [{…}]
query_disjoin.js:37 [{…}]
query_disjoin.js:37 [{…}]
query_disjoin.js:37 [{…}]
query_disjoin.js:37 [{…}]
query_disjoin.js:37 [{…}]
query_disjoin.js:37 [{…}]
query_disjoin.js:37 [{…}]
query_disjoin.js:37 [{…}]
query_disjoin.js:37 [{…}]
query_disjoin.js:37 [{…}]
query_disjoin.js:37 [{…}]
query_disjoin.js:37 [{…}]
query_disjoin.js:37 [{…}]
query_disjoin.js:37 [{…}]
query_disjoin.js:37 [{…}]
query_disjoin.js:37 [{…}]
query_disjoin.js:37 [{…}]
query_disjoin.js:37 [{…}]
query_disjoin.js:37 [{…}]
query_disjoin.js:37 [{…}]
query_disjoin.js:37 [{…}]
query_disjoin.js:37 [{…}]
query_disjoin.js:37 [{…}]
query_disjoin.js:37 [{…}]
query_disjoin.js:37 [{…}]
query_disjoin.js:37 [{…}]
query_disjoin.js:37 [{…}]
query_disjoin.js:37 [{…}]
query_disjoin.js:37 [{…}]
query_disjoin.js:37 [{…}]
query_disjoin.js:37 [{…}]
query_disjoin.js:37 [{…}]
query_disjoin.js:37 [{…}]
query_disjoin.js:37 [{…}]
query_disjoin.js:37 [{…}]
query_disjoin.js:37 [{…}]
query_disjoin.js:37 [{…}]
query_disjoin.js:37 [{…}]
query_disjoin.js:37 [{…}]
query_disjoin.js:37 [{…}]
query_disjoin.js:37 [{…}]
query_disjoin.js:37 [{…}]
query_disjoin.js:37 [{…}]
query_disjoin.js:37 [{…}]
query_disjoin.js:37 [{…}]
query_disjoin.js:37 [{…}]
query_disjoin.js:37 [{…}]
query_disjoin.js:37 [{…}]
query_disjoin.js:37 [{…}]
query_disjoin.js:37 [{…}]
query_disjoin.js:37 [{…}]
query_disjoin.js:37 [{…}]
query_disjoin.js:37 [{…}]
query_disjoin.js:37 [{…}]
query_disjoin.js:37 [{…}]
query_disjoin.js:37 [{…}]
query_disjoin.js:37 [{…}]
query_disjoin.js:37 [{…}]
query_disjoin.js:37 [{…}]
query_disjoin.js:37 [{…}]
query_disjoin.js:37 [{…}]
query_disjoin.js:37 [{…}]
query_disjoin.js:37 [{…}]
query_disjoin.js:37 [{…}]
query_disjoin.js:37 [{…}]
query_disjoin.js:37 [{…}]
query_disjoin.js:37 [{…}]
query_disjoin.js:37 [{…}]
query_disjoin.js:37 [{…}]
query_disjoin.js:37 [{…}]
query_disjoin.js:37 [{…}]
query_disjoin.js:37 [{…}]
query_disjoin.js:37 [{…}]
query_disjoin.js:37 [{…}]
query_disjoin.js:37 [{…}]
query_disjoin.js:37 [{…}]
query_disjoin.js:37 [{…}]
query_disjoin.js:37 [{…}]
query_disjoin.js:37 [{…}]
query_disjoin.js:37 [{…}]
query_disjoin.js:37 [{…}]
query_disjoin.js:37 [{…}]
query_disjoin.js:37 [{…}]
query_disjoin.js:37 [{…}]
query_disjoin.js:37 [{…}]
query_disjoin.js:37 [{…}]
query_disjoin.js:37 [{…}]
query_disjoin.js:37 [{…}]
query_disjoin.js:37 [{…}]
query_disjoin.js:37 [{…}]
query_disjoin.js:37 [{…}]
query_disjoin.js:37 [{…}]
query_disjoin.js:37 [{…}]
query_disjoin.js:37 [{…}]
query_disjoin.js:37 [{…}]
query_disjoin.js:37 [{…}]
query_disjoin.js:37 [{…}]
query_disjoin.js:37 [{…}]
query_disjoin.js:37 [{…}]
query_disjoin.js:37 [{…}]
query_disjoin.js:37 [{…}]
query_disjoin.js:37 [{…}]
query_disjoin.js:37 [{…}]
query_disjoin.js:37 [{…}]
query_disjoin.js:37 [{…}]
query_disjoin.js:37 [{…}]
query_disjoin.js:37 [{…}]
query_disjoin.js:37 [{…}]
query_disjoin.js:37 [{…}]
query_disjoin.js:37 [{…}]
query_disjoin.js:37 [{…}]
query_disjoin.js:37 [{…}]
query_disjoin.js:37 [{…}]
query_disjoin.js:37 [{…}]
query_disjoin.js:37 [{…}]
query_disjoin.js:37 [{…}]
query_disjoin.js:37 [{…}]
query_disjoin.js:37 [{…}]
query_disjoin.js:37 [{…}]
query_disjoin.js:37 [{…}]
query_disjoin.js:37 [{…}]
query_disjoin.js:37 [{…}]
query_disjoin.js:37 [{…}]
query_disjoin.js:37 [{…}]
query_disjoin.js:37 [{…}]
query_disjoin.js:37 [{…}]
query_disjoin.js:37 [{…}]
query_disjoin.js:37 [{…}]
query_disjoin.js:37 [{…}]
query_disjoin.js:37 [{…}]
query_disjoin.js:37 [{…}]
query_disjoin.js:37 [{…}]
query_disjoin.js:37 [{…}]
query_disjoin.js:37 [{…}]
query_disjoin.js:37 [{…}]
query_disjoin.js:37 [{…}]
query_disjoin.js:37 [{…}]
query_disjoin.js:37 [{…}]
query_disjoin.js:37 [{…}]
query_disjoin.js:37 [{…}]
query_disjoin.js:37 [{…}]
query_disjoin.js:37 [{…}]
query_disjoin.js:37 [{…}]
query_disjoin.js:37 [{…}]
query_disjoin.js:37 [{…}]
query_disjoin.js:37 [{…}]
query_disjoin.js:37 [{…}]
query_disjoin.js:37 [{…}]
query_disjoin.js:37 [{…}]
query_disjoin.js:37 [{…}]
query_disjoin.js:37 [{…}]
query_disjoin.js:37 [{…}]
query_disjoin.js:37 [{…}]
query_disjoin.js:37 [{…}]
query_disjoin.js:37 [{…}]
query_disjoin.js:37 [{…}]
query_disjoin.js:37 [{…}]
query_disjoin.js:37 [{…}]
query_disjoin.js:37 [{…}]
query_disjoin.js:37 [{…}]
query_disjoin.js:37 [{…}]
query_disjoin.js:37 [{…}]
query_disjoin.js:37 [{…}]
query_disjoin.js:37 [{…}]
query_disjoin.js:37 [{…}]
query_disjoin.js:37 [{…}]
query_disjoin.js:37 [{…}]
query_disjoin.js:37 [{…}]
query_disjoin.js:37 [{…}]
query_disjoin.js:37 [{…}]
query_disjoin.js:37 [{…}]
query_disjoin.js:37 [{…}]
query_disjoin.js:37 [{…}]
query_disjoin.js:37 [{…}]
query_disjoin.js:37 [{…}]
query_disjoin.js:37 [{…}]
query_disjoin.js:37 [{…}]
query_disjoin.js:37 [{…}]
query_disjoin.js:37 [{…}]
query_disjoin.js:37 [{…}]
query_disjoin.js:37 [{…}]
query_disjoin.js:37 [{…}]
query_disjoin.js:37 [{…}]
query_disjoin.js:37 [{…}]
query_disjoin.js:37 [{…}]
query_disjoin.js:37 [{…}]
query_disjoin.js:37 [{…}]
query_disjoin.js:37 [{…}]
query_disjoin.js:37 [{…}]
query_disjoin.js:37 [{…}]
query_disjoin.js:37 [{…}]
query_disjoin.js:37 [{…}]
query_disjoin.js:37 [{…}]
query_disjoin.js:37 [{…}]
query_disjoin.js:37 [{…}]
query_disjoin.js:37 [{…}]
query_disjoin.js:37 [{…}]
query_disjoin.js:37 [{…}]
query_disjoin.js:37 [{…}]
query_disjoin.js:37 [{…}]
query_disjoin.js:37 [{…}]
query_disjoin.js:37 [{…}]
query_disjoin.js:37 [{…}]
query_disjoin.js:37 [{…}]
query_disjoin.js:37 [{…}]
query_disjoin.js:37 [{…}]
query_disjoin.js:37 [{…}]
query_disjoin.js:37 [{…}]
query_disjoin.js:37 [{…}]
query_disjoin.js:37 [{…}]
query_disjoin.js:37 [{…}]
query_disjoin.js:37 [{…}]
query_disjoin.js:37 [{…}]
query_disjoin.js:37 [{…}]
query_disjoin.js:37 [{…}]
query_disjoin.js:37 [{…}]
query_disjoin.js:37 [{…}]
query_disjoin.js:37 [{…}]
query_disjoin.js:37 [{…}]
query_disjoin.js:37 [{…}]
query_disjoin.js:37 [{…}]
query_disjoin.js:37 [{…}]
query_disjoin.js:37 [{…}]
query_disjoin.js:37 [{…}]
query_disjoin.js:37 [{…}]
query_disjoin.js:37 [{…}]
query_disjoin.js:37 [{…}]
query_disjoin.js:37 [{…}]
query_disjoin.js:37 [{…}]
query_disjoin.js:37 [{…}]
query_disjoin.js:37 [{…}]
query_disjoin.js:37 [{…}]
query_disjoin.js:37 [{…}]
query_disjoin.js:37 [{…}]
query_disjoin.js:37 [{…}]
query_disjoin.js:37 [{…}]
query_disjoin.js:37 [{…}]
query_disjoin.js:37 [{…}]
query_disjoin.js:37 [{…}]
query_disjoin.js:37 [{…}]
query_disjoin.js:37 [{…}]
query_disjoin.js:37 [{…}]
query_disjoin.js:37 [{…}]
query_disjoin.js:37 [{…}]
query_disjoin.js:37 [{…}]
query_disjoin.js:37 [{…}]
query_disjoin.js:37 [{…}]
query_disjoin.js:37 [{…}]
query_disjoin.js:37 [{…}]
query_disjoin.js:37 [{…}]
query_disjoin.js:37 [{…}]
query_disjoin.js:37 [{…}]
query_disjoin.js:37 [{…}]
query_disjoin.js:37 [{…}]
query_disjoin.js:37 [{…}]
query_disjoin.js:37 [{…}]
query_disjoin.js:37 [{…}]
query_disjoin.js:37 [{…}]
query_disjoin.js:37 [{…}]
query_disjoin.js:37 [{…}]
query_disjoin.js:37 [{…}]
query_disjoin.js:37 [{…}]
query_disjoin.js:37 [{…}]
query_disjoin.js:37 [{…}]
query_disjoin.js:37 [{…}]
query_disjoin.js:37 [{…}]
query_disjoin.js:37 [{…}]
query_disjoin.js:37 [{…}]
query_disjoin.js:37 [{…}]
query_disjoin.js:37 [{…}]
query_disjoin.js:37 [{…}]
query_disjoin.js:37 [{…}]
query_disjoin.js:37 [{…}]
query_disjoin.js:37 [{…}]
query_disjoin.js:37 [{…}]
query_disjoin.js:37 [{…}]
query_disjoin.js:37 [{…}]
query_disjoin.js:37 [{…}]
query_disjoin.js:37 [{…}]
query_disjoin.js:37 [{…}]
query_disjoin.js:37 [{…}]
query_disjoin.js:37 [{…}]
query_disjoin.js:37 [{…}]
query_disjoin.js:37 [{…}]
query_disjoin.js:37 [{…}]
query_disjoin.js:37 [{…}]
query_disjoin.js:37 [{…}]
query_disjoin.js:37 [{…}]
query_disjoin.js:37 [{…}]
query_disjoin.js:37 [{…}]
query_disjoin.js:37 [{…}]
query_disjoin.js:37 [{…}]
query_disjoin.js:37 [{…}]
query_disjoin.js:37 [{…}]
query_disjoin.js:37 [{…}]
query_disjoin.js:37 [{…}]
query_disjoin.js:37 [{…}]
query_disjoin.js:37 [{…}]
query_disjoin.js:37 [{…}]
query_disjoin.js:37 [{…}]
query_disjoin.js:37 [{…}]
query_disjoin.js:37 [{…}]
query_disjoin.js:37 [{…}]
query_disjoin.js:37 [{…}]
query_disjoin.js:37 [{…}]
query_disjoin.js:37 [{…}]
query_disjoin.js:37 [{…}]
query_disjoin.js:37 [{…}]
query_disjoin.js:37 [{…}]
query_disjoin.js:37 [{…}]
query_disjoin.js:37 [{…}]
query_disjoin.js:37 [{…}]
query_disjoin.js:37 [{…}]
query_disjoin.js:37 [{…}]
query_disjoin.js:37 [{…}]
query_disjoin.js:37 [{…}]
query_disjoin.js:37 [{…}]
query_disjoin.js:37 [{…}]
query_disjoin.js:37 [{…}]
query_disjoin.js:37 [{…}]
query_disjoin.js:37 [{…}]
query_disjoin.js:37 [{…}]
query_disjoin.js:37 [{…}]
query_disjoin.js:37 [{…}]
query_disjoin.js:37 [{…}]
query_disjoin.js:37 [{…}]
query_disjoin.js:37 [{…}]
query_disjoin.js:37 [{…}]
query_disjoin.js:37 [{…}]
query_disjoin.js:37 [{…}]
query_disjoin.js:37 [{…}]
query_disjoin.js:37 [{…}]
query_disjoin.js:37 [{…}]
query_disjoin.js:37 [{…}]
query_disjoin.js:37 [{…}]
query_disjoin.js:37 [{…}]
query_disjoin.js:37 [{…}]
query_disjoin.js:37 [{…}]
query_disjoin.js:37 [{…}]
query_disjoin.js:37 [{…}]
query_disjoin.js:37 [{…}]
query_disjoin.js:37 [{…}]
query_disjoin.js:37 [{…}]
query_disjoin.js:37 [{…}]
query_disjoin.js:37 [{…}]
query_disjoin.js:37 [{…}]
query_disjoin.js:37 [{…}]
query_disjoin.js:37 [{…}]
query_disjoin.js:37 [{…}]
query_disjoin.js:37 [{…}]
query_disjoin.js:37 [{…}]
query_disjoin.js:37 [{…}]
query_disjoin.js:37 [{…}]
query_disjoin.js:37 [{…}]
query_disjoin.js:37 [{…}]
query_disjoin.js:37 [{…}]
query_disjoin.js:37 [{…}]
query_disjoin.js:37 [{…}]
query_disjoin.js:37 [{…}]
query_disjoin.js:37 [{…}]
query_disjoin.js:37 [{…}]
query_disjoin.js:37 [{…}]
query_disjoin.js:37 [{…}]
query_disjoin.js:37 [{…}]
query_disjoin.js:37 [{…}]
query_disjoin.js:37 [{…}]
query_disjoin.js:37 [{…}]
query_disjoin.js:37 [{…}]
query_disjoin.js:37 [{…}]
query_disjoin.js:37 [{…}]
query_disjoin.js:37 [{…}]
query_disjoin.js:37 [{…}]
query_disjoin.js:37 [{…}]
query_disjoin.js:37 [{…}]
query_disjoin.js:37 [{…}]
query_disjoin.js:37 [{…}]
query_disjoin.js:37 [{…}]
query_disjoin.js:37 [{…}]
query_disjoin.js:37 [{…}]
query_disjoin.js:37 [{…}]
query_disjoin.js:37 [{…}]
query_disjoin.js:37 [{…}]
query_disjoin.js:37 [{…}]
query_disjoin.js:37 [{…}]
query_disjoin.js:37 [{…}]
query_disjoin.js:37 [{…}]
query_disjoin.js:37 [{…}]
query_disjoin.js:37 [{…}]
query_disjoin.js:37 [{…}]
query_disjoin.js:37 [{…}]
query_disjoin.js:37 [{…}]
query_disjoin.js:37 [{…}]
query_disjoin.js:37 [{…}]
query_disjoin.js:37 [{…}]
query_disjoin.js:37 [{…}]
query_disjoin.js:37 [{…}]
query_disjoin.js:37 [{…}]
query_disjoin.js:37 [{…}]
query_disjoin.js:37 [{…}]
query_disjoin.js:37 [{…}]
query_disjoin.js:37 [{…}]
query_disjoin.js:37 [{…}]
query_disjoin.js:37 [{…}]
query_disjoin.js:37 [{…}]
query_disjoin.js:37 [{…}]
query_disjoin.js:37 [{…}]
query_disjoin.js:37 [{…}]
query_disjoin.js:37 [{…}]
query_disjoin.js:37 [{…}]
query_disjoin.js:37 [{…}]
query_disjoin.js:37 [{…}]
query_disjoin.js:37 [{…}]
query_disjoin.js:37 [{…}]
query_disjoin.js:37 [{…}]
query_disjoin.js:37 [{…}]
query_disjoin.js:37 [{…}]
query_disjoin.js:37 [{…}]
query_disjoin.js:37 [{…}]
query_disjoin.js:37 [{…}]
query_disjoin.js:37 [{…}]
query_disjoin.js:37 [{…}]
query_disjoin.js:37 [{…}]
query_disjoin.js:37 [{…}]
query_disjoin.js:37 [{…}]
query_disjoin.js:37 [{…}]
query_disjoin.js:37 [{…}]
query_disjoin.js:37 [{…}]
query_disjoin.js:37 [{…}]
query_disjoin.js:37 [{…}]
query_disjoin.js:37 [{…}]
query_disjoin.js:37 [{…}]
query_disjoin.js:37 [{…}]
query_disjoin.js:37 [{…}]
query_disjoin.js:37 [{…}]
query_disjoin.js:37 [{…}]
query_disjoin.js:37 [{…}]
query_disjoin.js:37 [{…}]
query_disjoin.js:37 [{…}]
query_disjoin.js:37 [{…}]
query_disjoin.js:37 [{…}]
query_disjoin.js:37 [{…}]
query_disjoin.js:37 [{…}]
query_disjoin.js:37 [{…}]
query_disjoin.js:37 [{…}]
query_disjoin.js:37 [{…}]
query_disjoin.js:37 [{…}]
query_disjoin.js:37 [{…}]
query_disjoin.js:37 [{…}]
query_disjoin.js:37 [{…}]
query_disjoin.js:37 [{…}]
query_disjoin.js:37 [{…}]
query_disjoin.js:37 [{…}]
query_disjoin.js:37 [{…}]
query_disjoin.js:37 [{…}]
query_disjoin.js:37 [{…}]
query_disjoin.js:37 [{…}]
query_disjoin.js:37 [{…}]
query_disjoin.js:37 [{…}]
query_disjoin.js:37 [{…}]
query_disjoin.js:37 [{…}]
query_disjoin.js:37 [{…}]
query_disjoin.js:37 [{…}]
query_disjoin.js:37 [{…}]
query_disjoin.js:37 [{…}]
query_disjoin.js:37 [{…}]
query_disjoin.js:37 [{…}]
query_disjoin.js:37 [{…}]
query_disjoin.js:37 [{…}]
query_disjoin.js:37 [{…}]
query_disjoin.js:37 [{…}]
query_disjoin.js:37 [{…}]
query_disjoin.js:37 [{…}]
query_disjoin.js:37 [{…}]
query_disjoin.js:37 [{…}]
query_disjoin.js:37 [{…}]
query_disjoin.js:37 [{…}]
query_disjoin.js:37 [{…}]
query_disjoin.js:37 [{…}]
query_disjoin.js:37 [{…}]
query_disjoin.js:37 [{…}]
query_disjoin.js:37 [{…}]
query_disjoin.js:37 [{…}]
query_disjoin.js:37 [{…}]
query_disjoin.js:37 [{…}]
query_disjoin.js:37 [{…}]
query_disjoin.js:37 [{…}]
query_disjoin.js:37 [{…}]
query_disjoin.js:37 [{…}]
query_disjoin.js:37 [{…}]
query_disjoin.js:37 [{…}]
query_disjoin.js:37 [{…}]
query_disjoin.js:37 [{…}]
query_disjoin.js:37 [{…}]
query_disjoin.js:37 [{…}]
query_disjoin.js:37 [{…}]
query_disjoin.js:37 [{…}]
query_disjoin.js:37 [{…}]
query_disjoin.js:37 [{…}]
query_disjoin.js:37 [{…}]
query_disjoin.js:37 [{…}]
query_disjoin.js:37 [{…}]
query_disjoin.js:37 [{…}]
query_disjoin.js:37 [{…}]
query_disjoin.js:37 [{…}]
query_disjoin.js:37 [{…}]
query_disjoin.js:37 [{…}]
query_disjoin.js:37 [{…}]
query_disjoin.js:37 [{…}]
query_disjoin.js:37 [{…}]
query_disjoin.js:37 [{…}]
query_disjoin.js:37 [{…}]
query_disjoin.js:37 [{…}]
query_disjoin.js:37 [{…}]
query_disjoin.js:37 [{…}]
query_disjoin.js:37 [{…}]
query_disjoin.js:37 [{…}]
query_disjoin.js:37 [{…}]
query_disjoin.js:37 [{…}]
query_disjoin.js:37 [{…}]
query_disjoin.js:37 [{…}]
query_disjoin.js:37 [{…}]
query_disjoin.js:37 [{…}]
query_disjoin.js:37 [{…}]
query_disjoin.js:37 [{…}]
query_disjoin.js:37 [{…}]
query_disjoin.js:37 [{…}]
query_disjoin.js:37 [{…}]
query_disjoin.js:37 [{…}]
query_disjoin.js:37 [{…}]
query_disjoin.js:37 [{…}]
query_disjoin.js:37 [{…}]
query_disjoin.js:37 [{…}]
query_disjoin.js:37 [{…}]
query_disjoin.js:37 [{…}]
query_disjoin.js:37 [{…}]
query_disjoin.js:37 [{…}]
query_disjoin.js:37 [{…}]
query_disjoin.js:37 [{…}]
query_disjoin.js:37 [{…}]
query_disjoin.js:37 [{…}]
query_disjoin.js:37 [{…}]
query_disjoin.js:37 [{…}]
query_disjoin.js:37 [{…}]
query_disjoin.js:37 [{…}]
query_disjoin.js:37 [{…}]
query_disjoin.js:37 [{…}]
query_disjoin.js:37 [{…}]
query_disjoin.js:37 [{…}]
query_disjoin.js:37 [{…}]
query_disjoin.js:37 [{…}]
query_disjoin.js:37 [{…}]
query_disjoin.js:37 [{…}]
query_disjoin.js:37 [{…}]
query_disjoin.js:37 [{…}]
query_disjoin.js:37 [{…}]
query_disjoin.js:37 [{…}]
query_disjoin.js:37 [{…}]
query_disjoin.js:37 [{…}]
query_disjoin.js:37 [{…}]
query_disjoin.js:37 [{…}]
query_disjoin.js:37 [{…}]
query_disjoin.js:37 [{…}]
query_disjoin.js:37 [{…}]
query_disjoin.js:37 [{…}]
query_disjoin.js:37 [{…}]
query_disjoin.js:37 [{…}]
query_disjoin.js:37 [{…}]
query_disjoin.js:37 [{…}]
query_disjoin.js:37 [{…}]
query_disjoin.js:37 [{…}]
query_disjoin.js:37 [{…}]
query_disjoin.js:37 [{…}]
query_disjoin.js:37 [{…}]
query_disjoin.js:37 [{…}]
query_disjoin.js:37 [{…}]
query_disjoin.js:37 [{…}]
query_disjoin.js:37 [{…}]
query_disjoin.js:37 [{…}]
query_disjoin.js:37 [{…}]
query_disjoin.js:37 [{…}]
query_disjoin.js:37 [{…}]
query_disjoin.js:37 [{…}]
query_disjoin.js:37 [{…}]
query_disjoin.js:37 [{…}]
query_disjoin.js:37 [{…}]
query_disjoin.js:37 [{…}]
query_disjoin.js:37 [{…}]
query_disjoin.js:37 [{…}]
query_disjoin.js:37 [{…}]
query_disjoin.js:37 [{…}]
query_disjoin.js:37 [{…}]
query_disjoin.js:37 [{…}]
query_disjoin.js:37 [{…}]
query_disjoin.js:37 [{…}]
query_disjoin.js:37 [{…}]
query_disjoin.js:37 [{…}]
query_disjoin.js:37 [{…}]
query_disjoin.js:37 [{…}]
query_disjoin.js:37 [{…}]
query_disjoin.js:37 [{…}]
query_disjoin.js:37 [{…}]
query_disjoin.js:37 [{…}]
query_disjoin.js:37 [{…}]
query_disjoin.js:37 [{…}]
query_disjoin.js:37 [{…}]
query_disjoin.js:37 [{…}]
query_disjoin.js:37 [{…}]
query_disjoin.js:37 [{…}]
query_disjoin.js:37 [{…}]
query_disjoin.js:37 [{…}]
query_disjoin.js:37 [{…}]
query_disjoin.js:37 [{…}]
query_disjoin.js:37 [{…}]
query_disjoin.js:37 [{…}]
query_disjoin.js:37 [{…}]
query_disjoin.js:37 [{…}]
query_disjoin.js:37 [{…}]
query_disjoin.js:37 [{…}]
query_disjoin.js:37 [{…}]
query_disjoin.js:37 [{…}]
query_disjoin.js:37 [{…}]
query_disjoin.js:37 [{…}]
query_disjoin.js:37 [{…}]
query_disjoin.js:37 [{…}]
query_disjoin.js:37 [{…}]
query_disjoin.js:37 [{…}]
query_disjoin.js:37 [{…}]
query_disjoin.js:37 [{…}]
query_disjoin.js:37 [{…}]
query_disjoin.js:37 [{…}]
query_disjoin.js:37 [{…}]
query_disjoin.js:37 [{…}]
query_disjoin.js:37 [{…}]
query_disjoin.js:37 [{…}]
query_disjoin.js:37 [{…}]
query_disjoin.js:37 [{…}]
query_disjoin.js:37 [{…}]
query_disjoin.js:37 [{…}]
query_disjoin.js:37 [{…}]
query_disjoin.js:37 [{…}]
query_disjoin.js:37 [{…}]
query_disjoin.js:37 [{…}]
query_disjoin.js:37 [{…}]
query_disjoin.js:37 [{…}]
query_disjoin.js:37 [{…}]
query_disjoin.js:37 [{…}]
query_disjoin.js:37 [{…}]
query_disjoin.js:37 [{…}]
query_disjoin.js:37 [{…}]
query_disjoin.js:37 [{…}]
query_disjoin.js:37 [{…}]
query_disjoin.js:37 [{…}]
query_disjoin.js:37 [{…}]
query_disjoin.js:37 [{…}]
query_disjoin.js:37 [{…}]
query_disjoin.js:37 [{…}]
query_disjoin.js:37 [{…}]
query_disjoin.js:37 [{…}]
query_disjoin.js:37 [{…}]
query_disjoin.js:37 [{…}]
query_disjoin.js:37 [{…}]
query_disjoin.js:37 [{…}]
query_disjoin.js:37 [{…}]
query_disjoin.js:37 [{…}]
query_disjoin.js:37 [{…}]
query_disjoin.js:37 [{…}]
query_disjoin.js:37 [{…}]
query_disjoin.js:37 [{…}]
query_disjoin.js:37 [{…}]
query_disjoin.js:37 [{…}]
query_disjoin.js:37 [{…}]
query_disjoin.js:37 [{…}]
query_disjoin.js:37 [{…}]
query_disjoin.js:37 [{…}]
query_disjoin.js:37 [{…}]
query_disjoin.js:37 [{…}]
query_disjoin.js:37 [{…}]
query_disjoin.js:37 [{…}]
query_disjoin.js:37 [{…}]
query_disjoin.js:37 [{…}]
query_disjoin.js:37 [{…}]
query_disjoin.js:37 [{…}]
query_disjoin.js:37 [{…}]
query_disjoin.js:37 [{…}]
query_disjoin.js:37 [{…}]
query_disjoin.js:37 [{…}]
query_disjoin.js:37 [{…}]
query_disjoin.js:37 [{…}]
query_disjoin.js:37 [{…}]
query_disjoin.js:37 [{…}]
query_disjoin.js:37 [{…}]
query_disjoin.js:37 [{…}]
query_disjoin.js:37 [{…}]
query_disjoin.js:37 [{…}]
query_disjoin.js:37 [{…}]
query_disjoin.js:37 [{…}]
query_disjoin.js:37 [{…}]
query_disjoin.js:37 [{…}]
query_disjoin.js:37 [{…}]
query_disjoin.js:37 [{…}]
query_disjoin.js:37 [{…}]
query_disjoin.js:37 [{…}]
query_disjoin.js:37 [{…}]
query_disjoin.js:37 [{…}]
query_disjoin.js:37 [{…}]
query_disjoin.js:37 [{…}]
query_disjoin.js:37 [{…}]
query_disjoin.js:37 [{…}]
query_disjoin.js:37 [{…}]
query_disjoin.js:37 [{…}]
query_disjoin.js:37 [{…}]
query_disjoin.js:37 [{…}]
query_disjoin.js:37 [{…}]
query_disjoin.js:37 [{…}]
query_disjoin.js:37 [{…}]
query_disjoin.js:37 [{…}]
query_disjoin.js:37 [{…}]
query_disjoin.js:37 [{…}]
query_disjoin.js:37 [{…}]
query_disjoin.js:37 [{…}]
query_disjoin.js:37 [{…}]
query_disjoin.js:37 [{…}]
query_disjoin.js:37 [{…}]
query_disjoin.js:37 [{…}]
query_disjoin.js:37 [{…}]
query_disjoin.js:37 [{…}]
query_disjoin.js:37 [{…}]
query_disjoin.js:37 [{…}]
query_disjoin.js:37 [{…}]
query_disjoin.js:37 [{…}]
query_disjoin.js:37 [{…}]
query_disjoin.js:37 [{…}]
query_disjoin.js:37 [{…}]
query_disjoin.js:37 [{…}]
query_disjoin.js:37 [{…}]
query_disjoin.js:37 [{…}]
query_disjoin.js:37 [{…}]
query_disjoin.js:37 [{…}]
query_disjoin.js:37 [{…}]
query_disjoin.js:37 [{…}]
query_disjoin.js:37 [{…}]
query_disjoin.js:37 [{…}]
query_disjoin.js:37 [{…}]
query_disjoin.js:37 [{…}]
query_disjoin.js:37 [{…}]
query_disjoin.js:37 [{…}]
query_disjoin.js:37 [{…}]
query_disjoin.js:37 [{…}]
query_disjoin.js:37 [{…}]
query_disjoin.js:37 [{…}]
query_disjoin.js:37 [{…}]
query_disjoin.js:37 [{…}]
query_disjoin.js:37 [{…}]
query_disjoin.js:37 [{…}]
query_disjoin.js:37 [{…}]
query_disjoin.js:37 [{…}]
query_disjoin.js:37 [{…}]
query_disjoin.js:37 [{…}]
query_disjoin.js:37 [{…}]
query_disjoin.js:37 [{…}]
query_disjoin.js:37 [{…}]
query_disjoin.js:37 [{…}]
query_disjoin.js:37 [{…}]
query_disjoin.js:37 [{…}]
query_disjoin.js:37 [{…}]
query_disjoin.js:37 [{…}]
query_disjoin.js:37 [{…}]
query_disjoin.js:37 [{…}]
query_disjoin.js:37 [{…}]
query_disjoin.js:37 [{…}]
query_disjoin.js:37 [{…}]
query_disjoin.js:37 [{…}]
query_disjoin.js:37 [{…}]
query_disjoin.js:37 [{…}]
query_disjoin.js:37 [{…}]
query_disjoin.js:37 [{…}]
query_disjoin.js:37 [{…}]
query_disjoin.js:37 [{…}]
query_disjoin.js:37 [{…}]
query_disjoin.js:37 [{…}]
query_disjoin.js:37 [{…}]
query_disjoin.js:37 [{…}]
query_disjoin.js:37 [{…}]
query_disjoin.js:37 [{…}]
query_disjoin.js:37 [{…}]
query_disjoin.js:37 [{…}]
query_disjoin.js:37 [{…}]
query_disjoin.js:37 [{…}]
query_disjoin.js:37 [{…}]
query_disjoin.js:37 [{…}]
query_disjoin.js:37 [{…}]
query_disjoin.js:37 [{…}]
query_disjoin.js:37 [{…}]
query_disjoin.js:37 [{…}]
query_disjoin.js:37 [{…}]
query_disjoin.js:37 [{…}]
query_disjoin.js:37 [{…}]
query_disjoin.js:37 [{…}]
query_disjoin.js:37 [{…}]
query_disjoin.js:37 [{…}]
query_disjoin.js:37 [{…}]
query_disjoin.js:37 [{…}]
query_disjoin.js:37 [{…}]
query_disjoin.js:37 [{…}]
query_disjoin.js:37 [{…}]
query_disjoin.js:37 [{…}]
query_disjoin.js:37 [{…}]
query_disjoin.js:37 [{…}]
query_disjoin.js:37 [{…}]
query_disjoin.js:37 [{…}]
query_disjoin.js:37 [{…}]
query_disjoin.js:37 [{…}]
query_disjoin.js:37 [{…}]
query_disjoin.js:37 [{…}]
query_disjoin.js:37 [{…}]
query_disjoin.js:37 [{…}]
query_disjoin.js:37 [{…}]
query_disjoin.js:37 [{…}]
query_disjoin.js:37 [{…}]
query_disjoin.js:37 [{…}]
query_disjoin.js:37 [{…}]
query_disjoin.js:37 [{…}]
query_disjoin.js:37 [{…}]
query_disjoin.js:37 [{…}]
query_disjoin.js:37 [{…}]
query_disjoin.js:37 [{…}]
query_disjoin.js:37 [{…}]
query_disjoin.js:37 [{…}]
query_disjoin.js:37 [{…}]
query_disjoin.js:37 [{…}]
query_disjoin.js:37 [{…}]
query_disjoin.js:37 [{…}]
query_disjoin.js:37 [{…}]
query_disjoin.js:37 [{…}]
query_disjoin.js:37 [{…}]
query_disjoin.js:37 [{…}]
query_disjoin.js:37 [{…}]
query_disjoin.js:37 [{…}]
query_disjoin.js:37 [{…}]
query_disjoin.js:37 [{…}]
query_disjoin.js:37 [{…}]
query_disjoin.js:37 [{…}]
query_disjoin.js:37 [{…}]
query_disjoin.js:37 [{…}]
query_disjoin.js:37 [{…}]
query_disjoin.js:37 [{…}]
query_disjoin.js:37 [{…}]
query_disjoin.js:37 [{…}]
query_disjoin.js:37 [{…}]
query_disjoin.js:37 [{…}]
query_disjoin.js:37 [{…}]
query_disjoin.js:37 [{…}]
query_disjoin.js:37 [{…}]
query_disjoin.js:37 [{…}]
query_disjoin.js:37 [{…}]
query_disjoin.js:37 [{…}]
query_disjoin.js:37 [{…}]
query_disjoin.js:37 [{…}]
query_disjoin.js:37 [{…}]
query_disjoin.js:37 [{…}]
query_disjoin.js:37 [{…}]
query_disjoin.js:37 [{…}]
query_disjoin.js:37 [{…}]
query_disjoin.js:37 [{…}]
query_disjoin.js:37 [{…}]
query_disjoin.js:37 [{…}]
query_disjoin.js:37 [{…}]
query_disjoin.js:37 [{…}]
query_disjoin.js:37 [{…}]
query_disjoin.js:37 [{…}]
query_disjoin.js:37 [{…}]
query_disjoin.js:37 [{…}]
query_disjoin.js:37 [{…}]
query_disjoin.js:37 [{…}]
query_disjoin.js:37 [{…}]
query_disjoin.js:37 [{…}]
query_disjoin.js:37 [{…}]
query_disjoin.js:37 [{…}]
query_disjoin.js:37 [{…}]
query_disjoin.js:37 [{…}]
query_disjoin.js:37 [{…}]
query_disjoin.js:37 [{…}]
query_disjoin.js:37 [{…}]
query_disjoin.js:37 [{…}]
query_disjoin.js:37 [{…}]
query_disjoin.js:37 [{…}]
query_disjoin.js:37 [{…}]
query_disjoin.js:37 [{…}]
query_disjoin.js:37 [{…}]
query_disjoin.js:37 [{…}]
query_disjoin.js:37 [{…}]
query_disjoin.js:37 [{…}]
query_disjoin.js:37 [{…}]
query_disjoin.js:37 [{…}]
query_disjoin.js:37 [{…}]
query_disjoin.js:37 [{…}]
query_disjoin.js:37 [{…}]
query_disjoin.js:37 [{…}]
query_disjoin.js:37 [{…}]
query_disjoin.js:37 [{…}]
query_disjoin.js:37 [{…}]
query_disjoin.js:37 [{…}]
query_disjoin.js:37 [{…}]
query_disjoin.js:37 [{…}]
query_disjoin.js:37 [{…}]
query_disjoin.js:37 [{…}]
query_disjoin.js:37 [{…}]
query_disjoin.js:37 [{…}]
query_disjoin.js:37 [{…}]
query_disjoin.js:37 [{…}]
query_disjoin.js:37 [{…}]
query_disjoin.js:37 [{…}]
query_disjoin.js:37 [{…}]
query_disjoin.js:37 [{…}]
query_disjoin.js:37 [{…}]
query_disjoin.js:37 [{…}]
query_disjoin.js:37 [{…}]
query_disjoin.js:37 [{…}]
query_disjoin.js:37 [{…}]
query_disjoin.js:37 [{…}]
query_disjoin.js:37 [{…}]
query_disjoin.js:37 [{…}]
query_disjoin.js:37 [{…}]
query_disjoin.js:37 [{…}]
query_disjoin.js:37 [{…}]
query_disjoin.js:37 [{…}]
query_disjoin.js:37 [{…}]
query_disjoin.js:37 [{…}]
query_disjoin.js:37 [{…}]
query_disjoin.js:37 [{…}]
query_disjoin.js:37 [{…}]
query_disjoin.js:37 [{…}]
query_disjoin.js:37 [{…}]
query_disjoin.js:37 [{…}]
query_disjoin.js:37 [{…}]
query_disjoin.js:37 [{…}]
query_disjoin.js:37 [{…}]
query_disjoin.js:37 [{…}]
query_disjoin.js:37 [{…}]
query_disjoin.js:37 [{…}]
query_disjoin.js:37 [{…}]
query_disjoin.js:37 [{…}]
query_disjoin.js:37 [{…}]
query_disjoin.js:37 [{…}]
query_disjoin.js:37 [{…}]
query_disjoin.js:37 [{…}]
query_disjoin.js:37 [{…}]
query_disjoin.js:37 [{…}]
query_disjoin.js:37 [{…}]
query_disjoin.js:37 [{…}]
query_disjoin.js:37 [{…}]
query_disjoin.js:37 [{…}]
query_disjoin.js:37 [{…}]
query_disjoin.js:37 [{…}]
query_disjoin.js:37 [{…}]
query_disjoin.js:37 [{…}]
query_disjoin.js:37 [{…}]
query_disjoin.js:37 [{…}]
query_disjoin.js:37 [{…}]
query_disjoin.js:37 [{…}]
query_disjoin.js:37 [{…}]
query_disjoin.js:37 [{…}]
query_disjoin.js:37 [{…}]
query_disjoin.js:37 [{…}]
query_disjoin.js:37 [{…}]
query_disjoin.js:37 [{…}]
query_disjoin.js:37 [{…}]
query_disjoin.js:37 [{…}]
query_disjoin.js:37 [{…}]
query_disjoin.js:37 [{…}]
query_disjoin.js:37 [{…}]
query_disjoin.js:37 [{…}]
query_disjoin.js:37 [{…}]
query_disjoin.js:37 [{…}]
query_disjoin.js:37 [{…}]
query_disjoin.js:37 [{…}]
query_disjoin.js:37 [{…}]
query_disjoin.js:37 [{…}]
query_disjoin.js:37 [{…}]
query_disjoin.js:37 [{…}]
query_disjoin.js:37 [{…}]
query_disjoin.js:37 [{…}]
query_disjoin.js:37 [{…}]
query_disjoin.js:37 [{…}]
query_disjoin.js:37 [{…}]
query_disjoin.js:37 [{…}]
query_disjoin.js:37 [{…}]
query_disjoin.js:37 [{…}]
query_disjoin.js:37 [{…}]
query_disjoin.js:37 [{…}]
query_disjoin.js:37 [{…}]
query_disjoin.js:37 [{…}]
query_disjoin.js:37 [{…}]
query_disjoin.js:37 [{…}]
query_disjoin.js:37 [{…}]
query_disjoin.js:37 [{…}]
query_disjoin.js:37 [{…}]
query_disjoin.js:37 [{…}]
query_disjoin.js:37 [{…}]
query_disjoin.js:37 [{…}]
query_disjoin.js:37 [{…}]
query_disjoin.js:37 [{…}]
query_disjoin.js:37 [{…}]
query_disjoin.js:37 [{…}]
query_disjoin.js:37 [{…}]
query_disjoin.js:37 [{…}]
query_disjoin.js:37 [{…}]
query_disjoin.js:37 [{…}]
query_disjoin.js:37 [{…}]
query_disjoin.js:37 [{…}]
query_disjoin.js:37 [{…}]
query_disjoin.js:37 [{…}]
query_disjoin.js:37 [{…}]
query_disjoin.js:37 [{…}]
query_disjoin.js:37 [{…}]
query_disjoin.js:37 [{…}]
query_disjoin.js:37 [{…}]
query_disjoin.js:37 [{…}]
query_disjoin.js:37 [{…}]
query_disjoin.js:37 [{…}]
query_disjoin.js:37 [{…}]
query_disjoin.js:37 [{…}]
query_disjoin.js:37 [{…}]
query_disjoin.js:37 [{…}]
query_disjoin.js:37 [{…}]
query_disjoin.js:37 [{…}]
query_disjoin.js:37 [{…}]
query_disjoin.js:37 [{…}]
query_disjoin.js:37 [{…}]
query_disjoin.js:37 [{…}]
query_disjoin.js:37 [{…}]
query_disjoin.js:37 [{…}]
query_disjoin.js:37 [{…}]
query_disjoin.js:37 [{…}]
query_disjoin.js:37 [{…}]
query_disjoin.js:37 [{…}]
query_disjoin.js:37 [{…}]
query_disjoin.js:37 [{…}]
query_disjoin.js:37 [{…}]
query_disjoin.js:37 [{…}]
query_disjoin.js:37 [{…}]
query_disjoin.js:37 [{…}]
query_disjoin.js:37 [{…}]
query_disjoin.js:37 [{…}]
query_disjoin.js:37 [{…}]
query_disjoin.js:37 [{…}]
query_disjoin.js:37 [{…}]
query_disjoin.js:37 [{…}]
query_disjoin.js:37 [{…}]
query_disjoin.js:37 [{…}]
query_disjoin.js:37 [{…}]
query_disjoin.js:37 [{…}]
query_disjoin.js:37 [{…}]
query_disjoin.js:37 [{…}]
query_disjoin.js:37 [{…}]
query_disjoin.js:37 [{…}]
query_disjoin.js:37 [{…}]
query_disjoin.js:37 [{…}]
query_disjoin.js:37 [{…}]
query_disjoin.js:37 [{…}]
query_disjoin.js:37 [{…}]
query_disjoin.js:37 [{…}]
query_disjoin.js:37 [{…}]
query_disjoin.js:37 [{…}]
query_disjoin.js:37 [{…}]
query_disjoin.js:37 [{…}]
query_disjoin.js:37 [{…}]
query_disjoin.js:37 [{…}]
query_disjoin.js:37 [{…}]
query_disjoin.js:37 [{…}]
query_disjoin.js:37 [{…}]
query_disjoin.js:37 [{…}]
query_disjoin.js:37 [{…}]
query_disjoin.js:37 [{…}]
query_disjoin.js:37 [{…}]
query_disjoin.js:37 [{…}]
query_disjoin.js:37 [{…}]
query_disjoin.js:37 [{…}]
query_disjoin.js:37 [{…}]
query_disjoin.js:37 [{…}]
query_disjoin.js:37 [{…}]
query_disjoin.js:37 [{…}]
query_disjoin.js:37 [{…}]
query_disjoin.js:37 [{…}]
query_disjoin.js:37 [{…}]
query_disjoin.js:37 [{…}]
query_disjoin.js:37 [{…}]
query_disjoin.js:37 [{…}]
query_disjoin.js:37 [{…}]
query_disjoin.js:37 [{…}]
query_disjoin.js:37 [{…}]
query_disjoin.js:37 [{…}]
query_disjoin.js:37 [{…}]
query_disjoin.js:37 [{…}]
query_disjoin.js:37 [{…}]
query_disjoin.js:37 [{…}]
query_disjoin.js:37 [{…}]
query_disjoin.js:37 [{…}]
query_disjoin.js:37 [{…}]
query_disjoin.js:37 [{…}]
query_disjoin.js:37 [{…}]
query_disjoin.js:37 [{…}]
query_disjoin.js:37 [{…}]
query_disjoin.js:37 [{…}]
query_disjoin.js:37 [{…}]
query_disjoin.js:37 [{…}]
query_disjoin.js:37 [{…}]
query_disjoin.js:37 [{…}]
query_disjoin.js:37 [{…}]
query_disjoin.js:37 [{…}]
query_disjoin.js:37 [{…}]
query_disjoin.js:37 [{…}]
query_disjoin.js:37 [{…}]
query_disjoin.js:37 [{…}]
query_disjoin.js:37 [{…}]
query_disjoin.js:37 [{…}]
query_disjoin.js:37 [{…}]
query_disjoin.js:37 [{…}]
query_disjoin.js:37 [{…}]
query_disjoin.js:37 [{…}]
query_disjoin.js:37 [{…}]
query_disjoin.js:37 [{…}]
query_disjoin.js:37 [{…}]
query_disjoin.js:37 [{…}]
query_disjoin.js:37 [{…}]
query_disjoin.js:37 [{…}]
query_disjoin.js:37 [{…}]
query_disjoin.js:37 [{…}]
query_disjoin.js:37 [{…}]
query_disjoin.js:37 [{…}]
query_disjoin.js:37 [{…}]
query_disjoin.js:37 [{…}]
query_disjoin.js:37 [{…}]
query_disjoin.js:37 [{…}]
query_disjoin.js:37 [{…}]
query_disjoin.js:37 [{…}]
query_disjoin.js:37 [{…}]
query_disjoin.js:37 [{…}]
query_disjoin.js:37 [{…}]
query_disjoin.js:37 [{…}]
query_disjoin.js:37 [{…}]
query_disjoin.js:37 [{…}]
query_disjoin.js:37 [{…}]
query_disjoin.js:37 [{…}]
query_disjoin.js:37 [{…}]
query_disjoin.js:37 [{…}]
query_disjoin.js:37 [{…}]
query_disjoin.js:37 [{…}]
query_disjoin.js:37 [{…}]
query_disjoin.js:37 [{…}]
query_disjoin.js:37 [{…}]
query_disjoin.js:37 [{…}]
query_disjoin.js:37 [{…}]
